2024-06-11 15:30:43,847.smoker_consumer.INFO ==================================================
2024-06-11 15:30:43,847.smoker_consumer.INFO Today is 2024-06-11 at 03:30 PM
2024-06-11 15:30:43,847.smoker_consumer.INFO Running on: posix Darwin 20.6.0
2024-06-11 15:30:43,848.smoker_consumer.INFO Python version:  3.11.4
2024-06-11 15:30:43,848.smoker_consumer.INFO Python path: /Users/jakerood/streaming-05-smart-smoker/.venv
2024-06-11 15:30:43,848.smoker_consumer.INFO Working dir: /Users/jakerood/streaming-05-smart-smoker
2024-06-11 15:30:43,848.smoker_consumer.INFO ==================================================
2024-06-11 15:30:43,880.smoker_consumer.INFO  [*] Waiting for smoker temperature messages. To exit press CTRL+C
2024-06-11 15:31:20,580.smoker_consumer.INFO  [x] Received Temperature at 05/22/21 12:20:15 is 84.2
2024-06-11 15:31:23,596.smoker_consumer.INFO  [x] Received Temperature at 05/22/21 12:20:20 is 84.2
2024-06-11 15:31:26,610.smoker_consumer.INFO  [x] Received Temperature at 05/22/21 12:21:10 is 87.6
2024-06-11 15:31:29,628.smoker_consumer.INFO  [x] Received Temperature at 05/22/21 12:21:15 is 87.6
2024-06-11 15:31:32,641.smoker_consumer.INFO  [x] Received Temperature at 05/22/21 12:22:10 is 86.3
2024-06-11 15:31:35,653.smoker_consumer.INFO  [x] Received Temperature at 05/22/21 12:22:15 is 86.3
2024-06-11 15:31:38,667.smoker_consumer.INFO  [x] Received Temperature at 05/22/21 12:23:10 is 92.0
2024-06-11 15:31:41,680.smoker_consumer.INFO  [x] Received Temperature at 05/22/21 12:23:15 is 92.0
2024-06-11 15:31:44,695.smoker_consumer.INFO  [x] Received Temperature at 05/22/21 12:24:10 is 96.8
2024-06-11 15:31:47,709.smoker_consumer.INFO  [x] Received Temperature at 05/22/21 12:24:15 is 96.8
2024-06-11 15:31:50,734.smoker_consumer.INFO  [x] Received Temperature at 05/22/21 12:25:05 is 100.6
2024-06-11 15:31:53,751.smoker_consumer.INFO  [x] Received Temperature at 05/22/21 12:25:10 is 100.9
2024-06-11 15:31:56,765.smoker_consumer.INFO  [x] Received Temperature at 05/22/21 12:25:15 is 100.9
2024-06-11 15:31:59,782.smoker_consumer.INFO  [x] Received Temperature at 05/22/21 12:26:10 is 104.8
2024-06-11 15:32:02,791.smoker_consumer.INFO  [x] Received Temperature at 05/22/21 12:26:15 is 104.8
2024-06-11 15:32:05,818.smoker_consumer.INFO  [x] Received Temperature at 05/22/21 12:27:10 is 108.2
2024-06-11 15:32:08,831.smoker_consumer.INFO  [x] Received Temperature at 05/22/21 12:27:15 is 108.2
2024-06-11 15:32:11,848.smoker_consumer.INFO  [x] Received Temperature at 05/22/21 12:28:10 is 111.4
2024-06-11 15:32:14,864.smoker_consumer.INFO  [x] Received Temperature at 05/22/21 12:28:15 is 111.4
2024-06-11 15:32:17,881.smoker_consumer.INFO  [x] Received Temperature at 05/22/21 12:29:10 is 114.2
2024-06-11 15:32:20,901.smoker_consumer.INFO  [x] Received Temperature at 05/22/21 12:29:15 is 114.2
2024-06-11 15:32:23,914.smoker_consumer.INFO  [x] Received Temperature at 05/22/21 12:30:10 is 116.9
2024-06-11 15:32:26,930.smoker_consumer.INFO  [x] Received Temperature at 05/22/21 12:30:15 is 116.9
2024-06-11 15:32:29,941.smoker_consumer.INFO  [x] Received Temperature at 05/22/21 12:31:10 is 119.4
2024-06-11 15:32:32,954.smoker_consumer.INFO  [x] Received Temperature at 05/22/21 12:31:15 is 119.4
2024-06-11 15:32:35,974.smoker_consumer.INFO  [x] Received Temperature at 05/22/21 12:32:10 is 120.1
2024-06-11 15:32:38,991.smoker_consumer.INFO  [x] Received Temperature at 05/22/21 12:32:15 is 120.1
2024-06-11 15:32:42,009.smoker_consumer.INFO  [x] Received Temperature at 05/22/21 12:33:10 is 106.2
2024-06-11 15:32:45,022.smoker_consumer.INFO  [x] Received Temperature at 05/22/21 12:33:15 is 106.2
2024-06-11 15:32:48,039.smoker_consumer.INFO  [x] Received Temperature at 05/22/21 12:34:10 is 103.5
2024-06-11 15:32:48,039.smoker_consumer.WARNING 05/22/21 12:34:10: SMOKER ALERT! Temperature dropped by 16.6 F in 2.5 minutes.
2024-06-11 15:32:51,064.smoker_consumer.INFO  [x] Received Temperature at 05/22/21 12:34:15 is 103.5
2024-06-11 15:32:51,064.smoker_consumer.WARNING 05/22/21 12:34:15: SMOKER ALERT! Temperature dropped by 16.6 F in 2.5 minutes.
2024-06-11 15:32:54,080.smoker_consumer.INFO  [x] Received Temperature at 05/22/21 12:35:10 is 105.3
2024-06-11 15:32:57,096.smoker_consumer.INFO  [x] Received Temperature at 05/22/21 12:35:15 is 105.3
2024-06-11 15:33:00,125.smoker_consumer.INFO  [x] Received Temperature at 05/22/21 12:36:10 is 106.9
2024-06-11 15:33:03,134.smoker_consumer.INFO  [x] Received Temperature at 05/22/21 12:36:15 is 106.9
2024-06-11 15:33:06,157.smoker_consumer.INFO  [x] Received Temperature at 05/22/21 12:37:10 is 111.9
2024-06-11 15:33:09,173.smoker_consumer.INFO  [x] Received Temperature at 05/22/21 12:37:15 is 111.9
2024-06-11 15:33:12,188.smoker_consumer.INFO  [x] Received Temperature at 05/22/21 12:38:10 is 114.2
2024-06-11 15:33:15,205.smoker_consumer.INFO  [x] Received Temperature at 05/22/21 12:38:15 is 114.2
2024-06-11 15:33:18,219.smoker_consumer.INFO  [x] Received Temperature at 05/22/21 12:39:10 is 115.5
2024-06-11 15:33:21,244.smoker_consumer.INFO  [x] Received Temperature at 05/22/21 12:39:15 is 115.5
2024-06-11 15:33:24,258.smoker_consumer.INFO  [x] Received Temperature at 05/22/21 12:40:10 is 112.6
2024-06-11 15:33:27,275.smoker_consumer.INFO  [x] Received Temperature at 05/22/21 12:40:15 is 112.6
2024-06-11 15:33:30,291.smoker_consumer.INFO  [x] Received Temperature at 05/22/21 12:41:10 is 118.8
2024-06-11 15:33:33,307.smoker_consumer.INFO  [x] Received Temperature at 05/22/21 12:41:15 is 118.8
2024-06-11 15:33:36,333.smoker_consumer.INFO  [x] Received Temperature at 05/22/21 12:42:10 is 113.2
2024-06-11 15:33:39,343.smoker_consumer.INFO  [x] Received Temperature at 05/22/21 12:42:15 is 113.2
2024-06-11 15:33:42,360.smoker_consumer.INFO  [x] Received Temperature at 05/22/21 12:43:10 is 126.7
2024-06-11 15:33:45,371.smoker_consumer.INFO  [x] Received Temperature at 05/22/21 12:43:15 is 126.7
2024-06-11 15:33:48,385.smoker_consumer.INFO  [x] Received Temperature at 05/22/21 12:44:10 is 130.0
2024-06-11 15:33:51,408.smoker_consumer.INFO  [x] Received Temperature at 05/22/21 12:44:15 is 130.0
2024-06-11 15:33:54,475.smoker_consumer.INFO  [x] Received Temperature at 05/22/21 12:45:10 is 130.0
2024-06-11 15:33:57,490.smoker_consumer.INFO  [x] Received Temperature at 05/22/21 12:45:15 is 130.0
2024-06-11 15:34:00,509.smoker_consumer.INFO  [x] Received Temperature at 05/22/21 12:46:10 is 137.3
2024-06-11 15:34:03,522.smoker_consumer.INFO  [x] Received Temperature at 05/22/21 12:46:15 is 137.3
2024-06-11 15:34:06,543.smoker_consumer.INFO  [x] Received Temperature at 05/22/21 12:47:10 is 139.5
2024-06-11 15:34:09,554.smoker_consumer.INFO  [x] Received Temperature at 05/22/21 12:47:15 is 139.5
2024-06-11 15:34:12,569.smoker_consumer.INFO  [x] Received Temperature at 05/22/21 12:48:10 is 141.8
2024-06-11 15:34:15,578.smoker_consumer.INFO  [x] Received Temperature at 05/22/21 12:48:15 is 141.8
2024-06-11 15:34:18,593.smoker_consumer.INFO  [x] Received Temperature at 05/22/21 12:49:10 is 143.6
2024-06-11 15:34:21,619.smoker_consumer.INFO  [x] Received Temperature at 05/22/21 12:49:15 is 143.6
2024-06-11 15:34:24,636.smoker_consumer.INFO  [x] Received Temperature at 05/22/21 12:50:10 is 145.0
2024-06-11 15:34:27,650.smoker_consumer.INFO  [x] Received Temperature at 05/22/21 12:50:15 is 145.0
2024-06-11 15:34:30,663.smoker_consumer.INFO  [x] Received Temperature at 05/22/21 12:51:10 is 146.2
2024-06-11 15:34:33,676.smoker_consumer.INFO  [x] Received Temperature at 05/22/21 12:51:15 is 146.2
2024-06-11 15:34:36,693.smoker_consumer.INFO  [x] Received Temperature at 05/22/21 12:52:10 is 147.5
2024-06-11 15:34:39,707.smoker_consumer.INFO  [x] Received Temperature at 05/22/21 12:52:15 is 147.5
2024-06-11 15:34:42,716.smoker_consumer.INFO  [x] Received Temperature at 05/22/21 12:53:10 is 148.7
2024-06-11 15:34:45,726.smoker_consumer.INFO  [x] Received Temperature at 05/22/21 12:53:15 is 148.7
2024-06-11 15:34:48,736.smoker_consumer.INFO  [x] Received Temperature at 05/22/21 12:54:10 is 149.9
2024-06-11 15:34:51,760.smoker_consumer.INFO  [x] Received Temperature at 05/22/21 12:54:15 is 149.9
2024-06-11 15:34:54,774.smoker_consumer.INFO  [x] Received Temperature at 05/22/21 12:55:05 is 151.1
2024-06-11 15:34:57,791.smoker_consumer.INFO  [x] Received Temperature at 05/22/21 12:55:10 is 151.2
2024-06-11 15:35:00,801.smoker_consumer.INFO  [x] Received Temperature at 05/22/21 12:55:15 is 151.2
2024-06-11 15:35:03,809.smoker_consumer.INFO  [x] Received Temperature at 05/22/21 12:56:10 is 152.4
2024-06-11 15:35:06,830.smoker_consumer.INFO  [x] Received Temperature at 05/22/21 12:56:15 is 152.4
2024-06-11 15:35:09,844.smoker_consumer.INFO  [x] Received Temperature at 05/22/21 12:57:10 is 153.4
2024-06-11 15:35:12,855.smoker_consumer.INFO  [x] Received Temperature at 05/22/21 12:57:15 is 153.4
2024-06-11 15:35:15,866.smoker_consumer.INFO  [x] Received Temperature at 05/22/21 12:58:10 is 154.5
2024-06-11 15:35:18,879.smoker_consumer.INFO  [x] Received Temperature at 05/22/21 12:58:15 is 154.5
2024-06-11 15:35:21,905.smoker_consumer.INFO  [x] Received Temperature at 05/22/21 12:59:10 is 155.6
2024-06-11 15:35:24,919.smoker_consumer.INFO  [x] Received Temperature at 05/22/21 12:59:15 is 155.6
2024-06-11 15:35:27,936.smoker_consumer.INFO  [x] Received Temperature at 05/22/21 13:00:10 is 156.5
2024-06-11 15:35:30,949.smoker_consumer.INFO  [x] Received Temperature at 05/22/21 13:00:15 is 156.5
2024-06-11 15:35:33,958.smoker_consumer.INFO  [x] Received Temperature at 05/22/21 13:01:10 is 157.8
2024-06-11 15:35:36,982.smoker_consumer.INFO  [x] Received Temperature at 05/22/21 13:01:15 is 157.8
2024-06-11 15:35:40,200.smoker_consumer.INFO  [x] Received Temperature at 05/22/21 13:02:10 is 158.8
2024-06-11 15:35:43,217.smoker_consumer.INFO  [x] Received Temperature at 05/22/21 13:02:15 is 158.8
2024-06-11 15:35:46,234.smoker_consumer.INFO  [x] Received Temperature at 05/22/21 13:03:10 is 159.9
2024-06-11 15:35:49,245.smoker_consumer.INFO  [x] Received Temperature at 05/22/21 13:03:15 is 159.9
2024-06-11 15:35:52,273.smoker_consumer.INFO  [x] Received Temperature at 05/22/21 13:04:10 is 160.7
2024-06-11 15:35:55,285.smoker_consumer.INFO  [x] Received Temperature at 05/22/21 13:04:15 is 160.7
2024-06-11 15:35:58,301.smoker_consumer.INFO  [x] Received Temperature at 05/22/21 13:05:10 is 161.9
2024-06-11 15:36:01,314.smoker_consumer.INFO  [x] Received Temperature at 05/22/21 13:05:15 is 161.9
2024-06-11 15:36:04,325.smoker_consumer.INFO  [x] Received Temperature at 05/22/21 13:06:10 is 163.1
2024-06-11 15:36:07,350.smoker_consumer.INFO  [x] Received Temperature at 05/22/21 13:06:15 is 163.1
2024-06-11 15:36:10,363.smoker_consumer.INFO  [x] Received Temperature at 05/22/21 13:07:10 is 164.3
2024-06-11 15:36:13,375.smoker_consumer.INFO  [x] Received Temperature at 05/22/21 13:07:15 is 164.3
2024-06-11 15:36:16,386.smoker_consumer.INFO  [x] Received Temperature at 05/22/21 13:08:10 is 165.6
2024-06-11 15:36:19,399.smoker_consumer.INFO  [x] Received Temperature at 05/22/21 13:08:15 is 165.6
2024-06-11 15:36:22,426.smoker_consumer.INFO  [x] Received Temperature at 05/22/21 13:09:10 is 166.7
2024-06-11 15:36:25,439.smoker_consumer.INFO  [x] Received Temperature at 05/22/21 13:09:15 is 166.7
2024-06-11 15:36:28,456.smoker_consumer.INFO  [x] Received Temperature at 05/22/21 13:10:10 is 167.8
2024-06-11 15:36:31,472.smoker_consumer.INFO  [x] Received Temperature at 05/22/21 13:10:15 is 167.8
2024-06-11 15:36:34,490.smoker_consumer.INFO  [x] Received Temperature at 05/22/21 13:11:10 is 168.8
2024-06-11 15:36:37,514.smoker_consumer.INFO  [x] Received Temperature at 05/22/21 13:11:15 is 168.8
2024-06-11 15:36:40,525.smoker_consumer.INFO  [x] Received Temperature at 05/22/21 13:12:10 is 170.2
2024-06-11 15:36:43,536.smoker_consumer.INFO  [x] Received Temperature at 05/22/21 13:12:15 is 170.2
2024-06-11 15:36:46,545.smoker_consumer.INFO  [x] Received Temperature at 05/22/21 13:13:10 is 171.7
2024-06-11 15:36:49,561.smoker_consumer.INFO  [x] Received Temperature at 05/22/21 13:13:15 is 171.7
2024-06-11 15:36:52,586.smoker_consumer.INFO  [x] Received Temperature at 05/22/21 13:14:10 is 173.3
2024-06-11 15:36:55,599.smoker_consumer.INFO  [x] Received Temperature at 05/22/21 13:14:15 is 173.3
2024-06-11 15:36:58,612.smoker_consumer.INFO  [x] Received Temperature at 05/22/21 13:15:10 is 174.6
2024-06-11 15:37:01,627.smoker_consumer.INFO  [x] Received Temperature at 05/22/21 13:15:15 is 174.6
2024-06-11 15:37:04,643.smoker_consumer.INFO  [x] Received Temperature at 05/22/21 13:16:10 is 175.5
2024-06-11 15:37:07,669.smoker_consumer.INFO  [x] Received Temperature at 05/22/21 13:16:15 is 175.5
2024-06-11 15:37:10,685.smoker_consumer.INFO  [x] Received Temperature at 05/22/21 13:17:10 is 176.8
2024-06-11 15:37:13,701.smoker_consumer.INFO  [x] Received Temperature at 05/22/21 13:17:15 is 176.8
2024-06-11 15:37:16,716.smoker_consumer.INFO  [x] Received Temperature at 05/22/21 13:18:10 is 177.8
2024-06-11 15:37:19,730.smoker_consumer.INFO  [x] Received Temperature at 05/22/21 13:18:15 is 177.8
2024-06-11 15:37:22,818.smoker_consumer.INFO  [x] Received Temperature at 05/22/21 13:19:10 is 178.9
2024-06-11 15:37:25,834.smoker_consumer.INFO  [x] Received Temperature at 05/22/21 13:19:15 is 178.9
2024-06-11 15:37:28,847.smoker_consumer.INFO  [x] Received Temperature at 05/22/21 13:20:10 is 180.3
2024-06-11 15:37:31,863.smoker_consumer.INFO  [x] Received Temperature at 05/22/21 13:20:15 is 180.3
2024-06-11 15:37:34,879.smoker_consumer.INFO  [x] Received Temperature at 05/22/21 13:21:10 is 181.4
2024-06-11 15:37:37,903.smoker_consumer.INFO  [x] Received Temperature at 05/22/21 13:21:15 is 181.4
2024-06-11 15:37:40,920.smoker_consumer.INFO  [x] Received Temperature at 05/22/21 13:22:10 is 182.6
2024-06-11 15:37:43,933.smoker_consumer.INFO  [x] Received Temperature at 05/22/21 13:22:15 is 182.6
2024-06-11 15:37:46,950.smoker_consumer.INFO  [x] Received Temperature at 05/22/21 13:23:10 is 183.9
2024-06-11 15:37:49,966.smoker_consumer.INFO  [x] Received Temperature at 05/22/21 13:23:15 is 183.9
2024-06-11 15:37:52,991.smoker_consumer.INFO  [x] Received Temperature at 05/22/21 13:24:10 is 184.8
2024-06-11 15:37:56,007.smoker_consumer.INFO  [x] Received Temperature at 05/22/21 13:24:15 is 184.8
2024-06-11 15:37:59,024.smoker_consumer.INFO  [x] Received Temperature at 05/22/21 13:25:10 is 186.0
2024-06-11 15:38:02,037.smoker_consumer.INFO  [x] Received Temperature at 05/22/21 13:25:15 is 186.0
2024-06-11 15:38:05,054.smoker_consumer.INFO  [x] Received Temperature at 05/22/21 13:26:10 is 187.1
2024-06-11 15:38:08,073.smoker_consumer.INFO  [x] Received Temperature at 05/22/21 13:26:15 is 187.1
2024-06-11 15:38:11,085.smoker_consumer.INFO  [x] Received Temperature at 05/22/21 13:27:10 is 211.9
2024-06-11 15:38:14,101.smoker_consumer.INFO  [x] Received Temperature at 05/22/21 13:27:15 is 211.9
2024-06-11 15:38:17,116.smoker_consumer.INFO  [x] Received Temperature at 05/22/21 13:28:10 is 215.3
2024-06-11 15:38:20,133.smoker_consumer.INFO  [x] Received Temperature at 05/22/21 13:28:15 is 215.3
2024-06-11 15:38:23,157.smoker_consumer.INFO  [x] Received Temperature at 05/22/21 13:29:10 is 217.0
2024-06-11 15:38:26,173.smoker_consumer.INFO  [x] Received Temperature at 05/22/21 13:29:15 is 217.0
2024-06-11 15:38:29,187.smoker_consumer.INFO  [x] Received Temperature at 05/22/21 13:30:10 is 218.6
2024-06-11 15:38:32,202.smoker_consumer.INFO  [x] Received Temperature at 05/22/21 13:30:15 is 218.6
2024-06-11 15:38:35,216.smoker_consumer.INFO  [x] Received Temperature at 05/22/21 13:31:10 is 218.5
2024-06-11 15:38:38,240.smoker_consumer.INFO  [x] Received Temperature at 05/22/21 13:31:15 is 218.5
2024-06-11 15:38:41,256.smoker_consumer.INFO  [x] Received Temperature at 05/22/21 13:32:10 is 219.4
2024-06-11 15:38:44,269.smoker_consumer.INFO  [x] Received Temperature at 05/22/21 13:32:15 is 219.4
2024-06-11 15:38:47,286.smoker_consumer.INFO  [x] Received Temperature at 05/22/21 13:33:10 is 220.5
2024-06-11 15:38:50,303.smoker_consumer.INFO  [x] Received Temperature at 05/22/21 13:33:15 is 220.5
2024-06-11 15:38:53,326.smoker_consumer.INFO  [x] Received Temperature at 05/22/21 13:34:10 is 220.7
2024-06-11 15:38:56,337.smoker_consumer.INFO  [x] Received Temperature at 05/22/21 13:34:15 is 220.7
2024-06-11 15:38:59,351.smoker_consumer.INFO  [x] Received Temperature at 05/22/21 13:35:10 is 222.5
2024-06-11 15:39:02,365.smoker_consumer.INFO  [x] Received Temperature at 05/22/21 13:35:15 is 222.5
2024-06-11 15:39:05,383.smoker_consumer.INFO  [x] Received Temperature at 05/22/21 13:36:10 is 223.0
2024-06-11 15:39:08,409.smoker_consumer.INFO  [x] Received Temperature at 05/22/21 13:36:15 is 223.0
2024-06-11 15:39:11,426.smoker_consumer.INFO  [x] Received Temperature at 05/22/21 13:37:10 is 224.7
2024-06-11 15:39:14,443.smoker_consumer.INFO  [x] Received Temperature at 05/22/21 13:37:15 is 224.7
2024-06-11 15:39:17,452.smoker_consumer.INFO  [x] Received Temperature at 05/22/21 13:38:10 is 224.2
2024-06-11 15:39:20,468.smoker_consumer.INFO  [x] Received Temperature at 05/22/21 13:38:15 is 224.2
2024-06-11 15:39:23,492.smoker_consumer.INFO  [x] Received Temperature at 05/22/21 13:39:10 is 223.6
2024-06-11 15:39:26,508.smoker_consumer.INFO  [x] Received Temperature at 05/22/21 13:39:15 is 223.6
2024-06-11 15:39:29,517.smoker_consumer.INFO  [x] Received Temperature at 05/22/21 13:40:10 is 224.6
2024-06-11 15:39:32,534.smoker_consumer.INFO  [x] Received Temperature at 05/22/21 13:40:15 is 224.6
2024-06-11 15:39:35,546.smoker_consumer.INFO  [x] Received Temperature at 05/22/21 13:41:10 is 224.3
2024-06-11 15:39:38,570.smoker_consumer.INFO  [x] Received Temperature at 05/22/21 13:41:15 is 224.3
2024-06-11 15:39:41,582.smoker_consumer.INFO  [x] Received Temperature at 05/22/21 13:42:10 is 226.6
2024-06-11 15:39:44,591.smoker_consumer.INFO  [x] Received Temperature at 05/22/21 13:42:15 is 226.6
2024-06-11 15:39:47,602.smoker_consumer.INFO  [x] Received Temperature at 05/22/21 13:43:10 is 229.0
2024-06-11 15:39:50,620.smoker_consumer.INFO  [x] Received Temperature at 05/22/21 13:43:15 is 229.0
2024-06-11 15:39:53,648.smoker_consumer.INFO  [x] Received Temperature at 05/22/21 13:44:10 is 232.8
2024-06-11 15:39:56,664.smoker_consumer.INFO  [x] Received Temperature at 05/22/21 13:44:15 is 232.8
2024-06-11 15:39:59,685.smoker_consumer.INFO  [x] Received Temperature at 05/22/21 13:45:10 is 237.9
2024-06-11 15:40:02,694.smoker_consumer.INFO  [x] Received Temperature at 05/22/21 13:45:15 is 237.9
2024-06-11 15:40:05,710.smoker_consumer.INFO  [x] Received Temperature at 05/22/21 13:46:10 is 200.2
2024-06-11 15:40:05,710.smoker_consumer.WARNING 05/22/21 13:46:10: SMOKER ALERT! Temperature dropped by 32.6 F in 2.5 minutes.
2024-06-11 15:40:08,733.smoker_consumer.INFO  [x] Received Temperature at 05/22/21 13:46:15 is 200.2
2024-06-11 15:40:08,733.smoker_consumer.WARNING 05/22/21 13:46:15: SMOKER ALERT! Temperature dropped by 32.6 F in 2.5 minutes.
2024-06-11 15:40:20,796.smoker_consumer.INFO  [x] Received Temperature at 05/22/21 13:47:10 is 205.9
2024-06-11 15:40:20,796.smoker_consumer.WARNING 05/22/21 13:47:10: SMOKER ALERT! Temperature dropped by 32.0 F in 2.5 minutes.
2024-06-11 15:40:23,820.smoker_consumer.INFO  [x] Received Temperature at 05/22/21 13:47:15 is 205.9
2024-06-11 15:40:23,820.smoker_consumer.WARNING 05/22/21 13:47:15: SMOKER ALERT! Temperature dropped by 32.0 F in 2.5 minutes.
2024-06-11 15:40:35,881.smoker_consumer.INFO  [x] Received Temperature at 05/22/21 13:48:10 is 230.0
2024-06-11 15:40:38,904.smoker_consumer.INFO  [x] Received Temperature at 05/22/21 13:48:15 is 230.0
2024-06-11 15:40:50,974.smoker_consumer.INFO  [x] Received Temperature at 05/22/21 13:49:10 is 239.6
2024-06-11 15:40:53,998.smoker_consumer.INFO  [x] Received Temperature at 05/22/21 13:49:15 is 239.6
2024-06-11 15:41:06,067.smoker_consumer.INFO  [x] Received Temperature at 05/22/21 13:50:10 is 242.4
2024-06-11 15:41:09,091.smoker_consumer.INFO  [x] Received Temperature at 05/22/21 13:50:15 is 242.4
2024-06-11 15:41:21,162.smoker_consumer.INFO  [x] Received Temperature at 05/22/21 13:51:10 is 243.1
2024-06-11 15:41:24,184.smoker_consumer.INFO  [x] Received Temperature at 05/22/21 13:51:15 is 243.1
2024-06-11 15:41:36,250.smoker_consumer.INFO  [x] Received Temperature at 05/22/21 13:52:10 is 242.6
2024-06-11 15:41:39,275.smoker_consumer.INFO  [x] Received Temperature at 05/22/21 13:52:15 is 242.6
2024-06-11 15:41:51,390.smoker_consumer.INFO  [x] Received Temperature at 05/22/21 13:53:10 is 241.7
2024-06-11 15:41:54,416.smoker_consumer.INFO  [x] Received Temperature at 05/22/21 13:53:15 is 241.7
2024-06-11 15:42:06,497.smoker_consumer.INFO  [x] Received Temperature at 05/22/21 13:54:10 is 241.4
2024-06-11 15:42:09,517.smoker_consumer.INFO  [x] Received Temperature at 05/22/21 13:54:15 is 241.4
2024-06-11 15:42:21,586.smoker_consumer.INFO  [x] Received Temperature at 05/22/21 13:55:10 is 242.1
2024-06-11 15:42:24,609.smoker_consumer.INFO  [x] Received Temperature at 05/22/21 13:55:15 is 242.1
2024-06-11 15:42:36,722.smoker_consumer.INFO  [x] Received Temperature at 05/22/21 13:56:10 is 241.9
2024-06-11 15:42:39,816.smoker_consumer.INFO  [x] Received Temperature at 05/22/21 13:56:15 is 241.9
2024-06-11 15:42:51,885.smoker_consumer.INFO  [x] Received Temperature at 05/22/21 13:57:10 is 242.1
2024-06-11 15:42:54,908.smoker_consumer.INFO  [x] Received Temperature at 05/22/21 13:57:15 is 242.1
2024-06-11 15:43:06,981.smoker_consumer.INFO  [x] Received Temperature at 05/22/21 13:58:10 is 240.4
2024-06-11 15:43:10,001.smoker_consumer.INFO  [x] Received Temperature at 05/22/21 13:58:15 is 240.4
2024-06-11 15:43:22,071.smoker_consumer.INFO  [x] Received Temperature at 05/22/21 13:59:10 is 240.2
2024-06-11 15:43:25,092.smoker_consumer.INFO  [x] Received Temperature at 05/22/21 13:59:15 is 240.2
2024-06-11 15:43:37,160.smoker_consumer.INFO  [x] Received Temperature at 05/22/21 14:00:10 is 240.1
2024-06-11 15:43:40,186.smoker_consumer.INFO  [x] Received Temperature at 05/22/21 14:00:15 is 240.1
2024-06-11 15:43:52,252.smoker_consumer.INFO  [x] Received Temperature at 05/22/21 14:01:10 is 239.8
2024-06-11 15:43:55,357.smoker_consumer.INFO  [x] Received Temperature at 05/22/21 14:01:15 is 239.8
2024-06-11 15:44:07,447.smoker_consumer.INFO  [x] Received Temperature at 05/22/21 14:02:10 is 239.9
2024-06-11 15:44:10,470.smoker_consumer.INFO  [x] Received Temperature at 05/22/21 14:02:15 is 239.9
2024-06-11 15:44:22,534.smoker_consumer.INFO  [x] Received Temperature at 05/22/21 14:03:10 is 240.4
2024-06-11 15:44:25,557.smoker_consumer.INFO  [x] Received Temperature at 05/22/21 14:03:15 is 240.4
2024-06-11 15:44:37,645.smoker_consumer.INFO  [x] Received Temperature at 05/22/21 14:04:10 is 240.8
2024-06-11 15:44:40,674.smoker_consumer.INFO  [x] Received Temperature at 05/22/21 14:04:15 is 240.8
2024-06-11 15:44:52,742.smoker_consumer.INFO  [x] Received Temperature at 05/22/21 14:05:10 is 241.3
2024-06-11 15:44:55,768.smoker_consumer.INFO  [x] Received Temperature at 05/22/21 14:05:15 is 241.3
2024-06-11 15:45:07,836.smoker_consumer.INFO  [x] Received Temperature at 05/22/21 14:06:10 is 241.7
2024-06-11 15:45:10,861.smoker_consumer.INFO  [x] Received Temperature at 05/22/21 14:06:15 is 241.7
2024-06-11 15:45:22,929.smoker_consumer.INFO  [x] Received Temperature at 05/22/21 14:07:10 is 242.3
2024-06-11 15:45:25,954.smoker_consumer.INFO  [x] Received Temperature at 05/22/21 14:07:15 is 242.3
2024-06-11 15:45:38,023.smoker_consumer.INFO  [x] Received Temperature at 05/22/21 14:08:10 is 243.4
2024-06-11 15:45:41,045.smoker_consumer.INFO  [x] Received Temperature at 05/22/21 14:08:15 is 243.4
2024-06-11 15:45:53,113.smoker_consumer.INFO  [x] Received Temperature at 05/22/21 14:09:10 is 242.5
2024-06-11 15:45:56,136.smoker_consumer.INFO  [x] Received Temperature at 05/22/21 14:09:15 is 242.5
2024-06-11 15:46:08,263.smoker_consumer.INFO  [x] Received Temperature at 05/22/21 14:10:10 is 242.1
2024-06-11 15:46:11,288.smoker_consumer.INFO  [x] Received Temperature at 05/22/21 14:10:15 is 242.1
2024-06-11 15:46:23,361.smoker_consumer.INFO  [x] Received Temperature at 05/22/21 14:11:10 is 243.3
2024-06-11 15:46:26,380.smoker_consumer.INFO  [x] Received Temperature at 05/22/21 14:11:15 is 243.3
2024-06-11 15:46:38,499.smoker_consumer.INFO  [x] Received Temperature at 05/22/21 14:12:10 is 244.0
2024-06-11 15:46:41,516.smoker_consumer.INFO  [x] Received Temperature at 05/22/21 14:12:15 is 244.0
2024-06-11 15:46:53,589.smoker_consumer.INFO  [x] Received Temperature at 05/22/21 14:13:10 is 244.3
2024-06-11 15:46:56,613.smoker_consumer.INFO  [x] Received Temperature at 05/22/21 14:13:15 is 244.3
2024-06-11 15:47:08,674.smoker_consumer.INFO  [x] Received Temperature at 05/22/21 14:14:10 is 244.7
2024-06-11 15:47:11,701.smoker_consumer.INFO  [x] Received Temperature at 05/22/21 14:14:15 is 244.7
2024-06-11 15:47:23,772.smoker_consumer.INFO  [x] Received Temperature at 05/22/21 14:15:10 is 245.2
2024-06-11 15:47:26,798.smoker_consumer.INFO  [x] Received Temperature at 05/22/21 14:15:15 is 245.2
2024-06-11 15:47:38,860.smoker_consumer.INFO  [x] Received Temperature at 05/22/21 14:16:10 is 244.8
2024-06-11 15:47:41,885.smoker_consumer.INFO  [x] Received Temperature at 05/22/21 14:16:15 is 244.8
2024-06-11 15:47:53,949.smoker_consumer.INFO  [x] Received Temperature at 05/22/21 14:17:10 is 245.3
2024-06-11 15:47:56,974.smoker_consumer.INFO  [x] Received Temperature at 05/22/21 14:17:15 is 245.3
2024-06-11 15:48:09,037.smoker_consumer.INFO  [x] Received Temperature at 05/22/21 14:18:10 is 246.1
2024-06-11 15:48:12,064.smoker_consumer.INFO  [x] Received Temperature at 05/22/21 14:18:15 is 246.1
2024-06-11 15:48:24,131.smoker_consumer.INFO  [x] Received Temperature at 05/22/21 14:19:10 is 247.7
2024-06-11 15:48:27,156.smoker_consumer.INFO  [x] Received Temperature at 05/22/21 14:19:15 is 247.7
2024-06-11 15:48:39,214.smoker_consumer.INFO  [x] Received Temperature at 05/22/21 14:20:10 is 248.1
2024-06-11 15:48:42,240.smoker_consumer.INFO  [x] Received Temperature at 05/22/21 14:20:15 is 248.1
2024-06-11 15:48:54,310.smoker_consumer.INFO  [x] Received Temperature at 05/22/21 14:21:10 is 248.8
2024-06-11 15:48:57,332.smoker_consumer.INFO  [x] Received Temperature at 05/22/21 14:21:15 is 248.8
2024-06-11 15:49:09,398.smoker_consumer.INFO  [x] Received Temperature at 05/22/21 14:22:10 is 249.4
2024-06-11 15:49:12,417.smoker_consumer.INFO  [x] Received Temperature at 05/22/21 14:22:15 is 249.4
2024-06-11 15:49:24,477.smoker_consumer.INFO  [x] Received Temperature at 05/22/21 14:23:10 is 249.8
2024-06-11 15:49:27,500.smoker_consumer.INFO  [x] Received Temperature at 05/22/21 14:23:15 is 249.8
2024-06-11 15:49:39,561.smoker_consumer.INFO  [x] Received Temperature at 05/22/21 14:24:10 is 249.2
2024-06-11 15:49:42,586.smoker_consumer.INFO  [x] Received Temperature at 05/22/21 14:24:15 is 249.2
2024-06-11 15:49:54,647.smoker_consumer.INFO  [x] Received Temperature at 05/22/21 14:25:10 is 248.1
2024-06-11 15:49:57,673.smoker_consumer.INFO  [x] Received Temperature at 05/22/21 14:25:15 is 248.1
2024-06-11 15:50:09,738.smoker_consumer.INFO  [x] Received Temperature at 05/22/21 14:26:10 is 248.5
2024-06-11 15:50:12,762.smoker_consumer.INFO  [x] Received Temperature at 05/22/21 14:26:15 is 248.5
2024-06-11 15:50:24,831.smoker_consumer.INFO  [x] Received Temperature at 05/22/21 14:27:10 is 248.9
2024-06-11 15:50:27,855.smoker_consumer.INFO  [x] Received Temperature at 05/22/21 14:27:15 is 248.9
2024-06-11 15:50:39,924.smoker_consumer.INFO  [x] Received Temperature at 05/22/21 14:28:10 is 249.2
2024-06-11 15:50:42,949.smoker_consumer.INFO  [x] Received Temperature at 05/22/21 14:28:15 is 249.2
2024-06-11 15:50:55,022.smoker_consumer.INFO  [x] Received Temperature at 05/22/21 14:29:10 is 249.4
2024-06-11 15:50:58,044.smoker_consumer.INFO  [x] Received Temperature at 05/22/21 14:29:15 is 249.4
2024-06-11 15:51:10,118.smoker_consumer.INFO  [x] Received Temperature at 05/22/21 14:30:10 is 250.4
2024-06-11 15:51:13,143.smoker_consumer.INFO  [x] Received Temperature at 05/22/21 14:30:15 is 250.4
2024-06-11 15:51:25,206.smoker_consumer.INFO  [x] Received Temperature at 05/22/21 14:31:10 is 251.0
2024-06-11 15:51:28,229.smoker_consumer.INFO  [x] Received Temperature at 05/22/21 14:31:15 is 251.0
2024-06-11 15:51:40,330.smoker_consumer.INFO  [x] Received Temperature at 05/22/21 14:32:10 is 251.2
2024-06-11 15:51:43,349.smoker_consumer.INFO  [x] Received Temperature at 05/22/21 14:32:15 is 251.2
2024-06-11 15:51:55,435.smoker_consumer.INFO  [x] Received Temperature at 05/22/21 14:33:10 is 250.6
2024-06-11 15:51:58,456.smoker_consumer.INFO  [x] Received Temperature at 05/22/21 14:33:15 is 250.6
2024-06-11 15:52:10,520.smoker_consumer.INFO  [x] Received Temperature at 05/22/21 14:34:10 is 250.4
2024-06-11 15:52:13,546.smoker_consumer.INFO  [x] Received Temperature at 05/22/21 14:34:15 is 250.4
2024-06-11 15:52:25,618.smoker_consumer.INFO  [x] Received Temperature at 05/22/21 14:35:10 is 250.5
2024-06-11 15:52:28,641.smoker_consumer.INFO  [x] Received Temperature at 05/22/21 14:35:15 is 250.5
2024-06-11 15:52:40,712.smoker_consumer.INFO  [x] Received Temperature at 05/22/21 14:36:10 is 250.6
2024-06-11 15:52:43,730.smoker_consumer.INFO  [x] Received Temperature at 05/22/21 14:36:15 is 250.6
2024-06-11 15:52:55,788.smoker_consumer.INFO  [x] Received Temperature at 05/22/21 14:37:10 is 248.9
2024-06-11 15:52:58,815.smoker_consumer.INFO  [x] Received Temperature at 05/22/21 14:37:15 is 248.9
2024-06-11 15:53:10,892.smoker_consumer.INFO  [x] Received Temperature at 05/22/21 14:38:10 is 248.9
2024-06-11 15:53:13,994.smoker_consumer.INFO  [x] Received Temperature at 05/22/21 14:38:15 is 248.9
2024-06-11 15:53:26,062.smoker_consumer.INFO  [x] Received Temperature at 05/22/21 14:39:10 is 249.5
2024-06-11 15:53:29,085.smoker_consumer.INFO  [x] Received Temperature at 05/22/21 14:39:15 is 249.5
2024-06-11 15:53:41,152.smoker_consumer.INFO  [x] Received Temperature at 05/22/21 14:40:10 is 249.7
2024-06-11 15:53:44,178.smoker_consumer.INFO  [x] Received Temperature at 05/22/21 14:40:15 is 249.7
2024-06-11 15:53:56,245.smoker_consumer.INFO  [x] Received Temperature at 05/22/21 14:41:10 is 249.7
2024-06-11 15:53:59,268.smoker_consumer.INFO  [x] Received Temperature at 05/22/21 14:41:15 is 249.7
2024-06-11 15:54:11,335.smoker_consumer.INFO  [x] Received Temperature at 05/22/21 14:42:10 is 249.1
2024-06-11 15:54:14,355.smoker_consumer.INFO  [x] Received Temperature at 05/22/21 14:42:15 is 249.1
2024-06-11 15:54:26,425.smoker_consumer.INFO  [x] Received Temperature at 05/22/21 14:43:10 is 248.5
2024-06-11 15:54:29,445.smoker_consumer.INFO  [x] Received Temperature at 05/22/21 14:43:15 is 248.5
2024-06-11 15:54:41,512.smoker_consumer.INFO  [x] Received Temperature at 05/22/21 14:44:10 is 248.5
2024-06-11 15:54:44,535.smoker_consumer.INFO  [x] Received Temperature at 05/22/21 14:44:15 is 248.5
2024-06-11 15:54:56,598.smoker_consumer.INFO  [x] Received Temperature at 05/22/21 14:45:10 is 248.8
2024-06-11 15:54:59,617.smoker_consumer.INFO  [x] Received Temperature at 05/22/21 14:45:15 is 248.8
2024-06-11 15:55:11,690.smoker_consumer.INFO  [x] Received Temperature at 05/22/21 14:46:10 is 249.5
2024-06-11 15:55:14,713.smoker_consumer.INFO  [x] Received Temperature at 05/22/21 14:46:15 is 249.5
2024-06-11 15:55:26,773.smoker_consumer.INFO  [x] Received Temperature at 05/22/21 14:47:10 is 250.2
2024-06-11 15:55:29,798.smoker_consumer.INFO  [x] Received Temperature at 05/22/21 14:47:15 is 250.2
2024-06-11 15:55:41,870.smoker_consumer.INFO  [x] Received Temperature at 05/22/21 14:48:10 is 249.2
2024-06-11 15:55:44,892.smoker_consumer.INFO  [x] Received Temperature at 05/22/21 14:48:15 is 249.2
2024-06-11 15:55:56,967.smoker_consumer.INFO  [x] Received Temperature at 05/22/21 14:49:10 is 248.8
2024-06-11 15:55:59,990.smoker_consumer.INFO  [x] Received Temperature at 05/22/21 14:49:15 is 248.8
2024-06-11 15:56:12,047.smoker_consumer.INFO  [x] Received Temperature at 05/22/21 14:50:10 is 248.6
2024-06-11 15:56:15,068.smoker_consumer.INFO  [x] Received Temperature at 05/22/21 14:50:15 is 248.6
2024-06-11 15:56:27,137.smoker_consumer.INFO  [x] Received Temperature at 05/22/21 14:51:10 is 248.7
2024-06-11 15:56:30,162.smoker_consumer.INFO  [x] Received Temperature at 05/22/21 14:51:15 is 248.7
2024-06-11 15:56:42,213.smoker_consumer.INFO  [x] Received Temperature at 05/22/21 14:52:10 is 248.7
2024-06-11 15:56:45,243.smoker_consumer.INFO  [x] Received Temperature at 05/22/21 14:52:15 is 248.7
2024-06-11 15:56:57,307.smoker_consumer.INFO  [x] Received Temperature at 05/22/21 14:53:10 is 248.5
2024-06-11 15:57:00,333.smoker_consumer.INFO  [x] Received Temperature at 05/22/21 14:53:15 is 248.5
2024-06-11 15:57:12,398.smoker_consumer.INFO  [x] Received Temperature at 05/22/21 14:54:10 is 248.7
2024-06-11 15:57:15,420.smoker_consumer.INFO  [x] Received Temperature at 05/22/21 14:54:15 is 248.7
2024-06-11 15:57:27,486.smoker_consumer.INFO  [x] Received Temperature at 05/22/21 14:55:10 is 248.5
2024-06-11 15:57:30,506.smoker_consumer.INFO  [x] Received Temperature at 05/22/21 14:55:15 is 248.5
2024-06-11 15:57:42,577.smoker_consumer.INFO  [x] Received Temperature at 05/22/21 14:56:10 is 248.2
2024-06-11 15:57:45,605.smoker_consumer.INFO  [x] Received Temperature at 05/22/21 14:56:15 is 248.2
2024-06-11 15:57:57,676.smoker_consumer.INFO  [x] Received Temperature at 05/22/21 14:57:10 is 247.8
2024-06-11 15:58:00,703.smoker_consumer.INFO  [x] Received Temperature at 05/22/21 14:57:15 is 247.8
2024-06-11 15:58:12,771.smoker_consumer.INFO  [x] Received Temperature at 05/22/21 14:58:10 is 247.0
2024-06-11 15:58:15,792.smoker_consumer.INFO  [x] Received Temperature at 05/22/21 14:58:15 is 247.0
2024-06-11 15:58:27,851.smoker_consumer.INFO  [x] Received Temperature at 05/22/21 14:59:10 is 247.2
2024-06-11 15:58:30,905.smoker_consumer.INFO  [x] Received Temperature at 05/22/21 14:59:15 is 247.2
2024-06-11 15:58:42,969.smoker_consumer.INFO  [x] Received Temperature at 05/22/21 15:00:10 is 247.4
2024-06-11 15:58:45,997.smoker_consumer.INFO  [x] Received Temperature at 05/22/21 15:00:15 is 247.4
2024-06-11 15:58:58,104.smoker_consumer.INFO  [x] Received Temperature at 05/22/21 15:01:10 is 248.1
2024-06-11 15:59:01,119.smoker_consumer.INFO  [x] Received Temperature at 05/22/21 15:01:15 is 248.1
2024-06-11 15:59:13,193.smoker_consumer.INFO  [x] Received Temperature at 05/22/21 15:02:10 is 248.5
2024-06-11 15:59:16,216.smoker_consumer.INFO  [x] Received Temperature at 05/22/21 15:02:15 is 248.5
2024-06-11 15:59:28,290.smoker_consumer.INFO  [x] Received Temperature at 05/22/21 15:03:10 is 248.2
2024-06-11 15:59:31,400.smoker_consumer.INFO  [x] Received Temperature at 05/22/21 15:03:15 is 248.2
2024-06-11 15:59:43,465.smoker_consumer.INFO  [x] Received Temperature at 05/22/21 15:04:10 is 248.0
2024-06-11 15:59:46,488.smoker_consumer.INFO  [x] Received Temperature at 05/22/21 15:04:15 is 248.0
2024-06-11 15:59:58,611.smoker_consumer.INFO  [x] Received Temperature at 05/22/21 15:05:10 is 247.8
2024-06-11 16:00:01,635.smoker_consumer.INFO  [x] Received Temperature at 05/22/21 15:05:15 is 247.8
2024-06-11 16:00:13,699.smoker_consumer.INFO  [x] Received Temperature at 05/22/21 15:06:10 is 247.7
2024-06-11 16:00:16,720.smoker_consumer.INFO  [x] Received Temperature at 05/22/21 15:06:15 is 247.7
2024-06-11 16:00:28,780.smoker_consumer.INFO  [x] Received Temperature at 05/22/21 15:07:10 is 247.5
2024-06-11 16:00:31,808.smoker_consumer.INFO  [x] Received Temperature at 05/22/21 15:07:15 is 247.5
2024-06-11 16:00:43,877.smoker_consumer.INFO  [x] Received Temperature at 05/22/21 15:08:10 is 247.5
2024-06-11 16:00:46,903.smoker_consumer.INFO  [x] Received Temperature at 05/22/21 15:08:15 is 247.5
2024-06-11 16:00:59,040.smoker_consumer.INFO  [x] Received Temperature at 05/22/21 15:09:10 is 248.3
2024-06-11 16:01:02,065.smoker_consumer.INFO  [x] Received Temperature at 05/22/21 15:09:15 is 248.3
2024-06-11 16:01:14,136.smoker_consumer.INFO  [x] Received Temperature at 05/22/21 15:10:10 is 249.7
2024-06-11 16:01:17,161.smoker_consumer.INFO  [x] Received Temperature at 05/22/21 15:10:15 is 249.7
2024-06-11 16:01:29,228.smoker_consumer.INFO  [x] Received Temperature at 05/22/21 15:11:10 is 251.7
2024-06-11 16:01:32,252.smoker_consumer.INFO  [x] Received Temperature at 05/22/21 15:11:15 is 251.7
2024-06-11 16:01:44,319.smoker_consumer.INFO  [x] Received Temperature at 05/22/21 15:12:10 is 252.4
2024-06-11 16:01:47,338.smoker_consumer.INFO  [x] Received Temperature at 05/22/21 15:12:15 is 252.4
2024-06-11 16:01:59,406.smoker_consumer.INFO  [x] Received Temperature at 05/22/21 15:13:10 is 252.3
2024-06-11 16:02:02,429.smoker_consumer.INFO  [x] Received Temperature at 05/22/21 15:13:15 is 252.3
2024-06-11 16:02:14,490.smoker_consumer.INFO  [x] Received Temperature at 05/22/21 15:14:10 is 252.5
2024-06-11 16:02:17,517.smoker_consumer.INFO  [x] Received Temperature at 05/22/21 15:14:15 is 252.5
2024-06-11 16:02:29,581.smoker_consumer.INFO  [x] Received Temperature at 05/22/21 15:15:10 is 252.5
2024-06-11 16:02:32,608.smoker_consumer.INFO  [x] Received Temperature at 05/22/21 15:15:15 is 252.5
2024-06-11 16:02:44,703.smoker_consumer.INFO  [x] Received Temperature at 05/22/21 15:16:10 is 253.2
2024-06-11 16:02:47,724.smoker_consumer.INFO  [x] Received Temperature at 05/22/21 15:16:15 is 253.2
2024-06-11 16:02:59,806.smoker_consumer.INFO  [x] Received Temperature at 05/22/21 15:17:10 is 254.3
2024-06-11 16:03:02,827.smoker_consumer.INFO  [x] Received Temperature at 05/22/21 15:17:15 is 254.3
2024-06-11 16:03:14,895.smoker_consumer.INFO  [x] Received Temperature at 05/22/21 15:18:10 is 254.3
2024-06-11 16:03:17,920.smoker_consumer.INFO  [x] Received Temperature at 05/22/21 15:18:15 is 254.3
2024-06-11 16:03:29,988.smoker_consumer.INFO  [x] Received Temperature at 05/22/21 15:19:10 is 253.6
2024-06-11 16:03:33,011.smoker_consumer.INFO  [x] Received Temperature at 05/22/21 15:19:15 is 253.6
2024-06-11 16:03:45,070.smoker_consumer.INFO  [x] Received Temperature at 05/22/21 15:20:10 is 253.6
2024-06-11 16:03:48,091.smoker_consumer.INFO  [x] Received Temperature at 05/22/21 15:20:15 is 253.6
2024-06-11 16:04:00,158.smoker_consumer.INFO  [x] Received Temperature at 05/22/21 15:21:10 is 255.0
2024-06-11 16:04:03,180.smoker_consumer.INFO  [x] Received Temperature at 05/22/21 15:21:15 is 255.0
2024-06-11 16:04:15,244.smoker_consumer.INFO  [x] Received Temperature at 05/22/21 15:22:10 is 256.4
2024-06-11 16:04:18,272.smoker_consumer.INFO  [x] Received Temperature at 05/22/21 15:22:15 is 256.4
2024-06-11 16:04:30,345.smoker_consumer.INFO  [x] Received Temperature at 05/22/21 15:23:10 is 256.7
2024-06-11 16:04:33,376.smoker_consumer.INFO  [x] Received Temperature at 05/22/21 15:23:15 is 256.7
2024-06-11 16:04:45,502.smoker_consumer.INFO  [x] Received Temperature at 05/22/21 15:24:10 is 256.4
2024-06-11 16:04:48,618.smoker_consumer.INFO  [x] Received Temperature at 05/22/21 15:24:15 is 256.4
2024-06-11 16:05:00,684.smoker_consumer.INFO  [x] Received Temperature at 05/22/21 15:25:10 is 256.3
2024-06-11 16:05:03,701.smoker_consumer.INFO  [x] Received Temperature at 05/22/21 15:25:15 is 256.3
2024-06-11 16:05:15,781.smoker_consumer.INFO  [x] Received Temperature at 05/22/21 15:26:10 is 256.6
2024-06-11 16:05:18,801.smoker_consumer.INFO  [x] Received Temperature at 05/22/21 15:26:15 is 256.6
2024-06-11 16:05:30,866.smoker_consumer.INFO  [x] Received Temperature at 05/22/21 15:27:10 is 257.0
2024-06-11 16:05:33,893.smoker_consumer.INFO  [x] Received Temperature at 05/22/21 15:27:15 is 257.0
2024-06-11 16:05:45,962.smoker_consumer.INFO  [x] Received Temperature at 05/22/21 15:28:10 is 257.1
2024-06-11 16:05:48,988.smoker_consumer.INFO  [x] Received Temperature at 05/22/21 15:28:15 is 257.1
2024-06-11 16:06:01,053.smoker_consumer.INFO  [x] Received Temperature at 05/22/21 15:29:10 is 257.9
2024-06-11 16:06:04,078.smoker_consumer.INFO  [x] Received Temperature at 05/22/21 15:29:15 is 257.9
2024-06-11 16:06:16,144.smoker_consumer.INFO  [x] Received Temperature at 05/22/21 15:30:10 is 257.1
2024-06-11 16:06:19,169.smoker_consumer.INFO  [x] Received Temperature at 05/22/21 15:30:15 is 257.1
2024-06-11 16:06:31,244.smoker_consumer.INFO  [x] Received Temperature at 05/22/21 15:31:10 is 258.4
2024-06-11 16:06:34,271.smoker_consumer.INFO  [x] Received Temperature at 05/22/21 15:31:15 is 258.4
2024-06-11 16:06:46,334.smoker_consumer.INFO  [x] Received Temperature at 05/22/21 15:32:10 is 258.1
2024-06-11 16:06:49,357.smoker_consumer.INFO  [x] Received Temperature at 05/22/21 15:32:15 is 258.1
2024-06-11 16:07:01,419.smoker_consumer.INFO  [x] Received Temperature at 05/22/21 15:33:10 is 260.2
2024-06-11 16:07:04,441.smoker_consumer.INFO  [x] Received Temperature at 05/22/21 15:33:15 is 260.2
2024-06-11 16:07:16,503.smoker_consumer.INFO  [x] Received Temperature at 05/22/21 15:34:10 is 261.7
2024-06-11 16:07:19,523.smoker_consumer.INFO  [x] Received Temperature at 05/22/21 15:34:15 is 261.7
2024-06-11 16:07:31,597.smoker_consumer.INFO  [x] Received Temperature at 05/22/21 15:35:10 is 261.3
2024-06-11 16:07:34,623.smoker_consumer.INFO  [x] Received Temperature at 05/22/21 15:35:15 is 261.3
2024-06-11 16:07:46,694.smoker_consumer.INFO  [x] Received Temperature at 05/22/21 15:36:10 is 260.4
2024-06-11 16:07:49,716.smoker_consumer.INFO  [x] Received Temperature at 05/22/21 15:36:15 is 260.4
2024-06-11 16:08:01,787.smoker_consumer.INFO  [x] Received Temperature at 05/22/21 15:37:10 is 259.5
2024-06-11 16:08:04,813.smoker_consumer.INFO  [x] Received Temperature at 05/22/21 15:37:15 is 259.5
2024-06-11 16:08:16,871.smoker_consumer.INFO  [x] Received Temperature at 05/22/21 15:38:10 is 262.2
2024-06-11 16:08:19,896.smoker_consumer.INFO  [x] Received Temperature at 05/22/21 15:38:15 is 262.2
2024-06-11 16:08:31,968.smoker_consumer.INFO  [x] Received Temperature at 05/22/21 15:39:10 is 259.4
2024-06-11 16:08:34,992.smoker_consumer.INFO  [x] Received Temperature at 05/22/21 15:39:15 is 259.4
2024-06-11 16:08:47,105.smoker_consumer.INFO  [x] Received Temperature at 05/22/21 15:40:10 is 262.1
2024-06-11 16:08:50,131.smoker_consumer.INFO  [x] Received Temperature at 05/22/21 15:40:15 is 262.1
2024-06-11 16:09:02,205.smoker_consumer.INFO  [x] Received Temperature at 05/22/21 15:41:10 is 261.1
2024-06-11 16:09:05,232.smoker_consumer.INFO  [x] Received Temperature at 05/22/21 15:41:15 is 261.1
2024-06-11 16:09:17,350.smoker_consumer.INFO  [x] Received Temperature at 05/22/21 15:42:10 is 261.0
2024-06-11 16:09:20,371.smoker_consumer.INFO  [x] Received Temperature at 05/22/21 15:42:15 is 261.0
2024-06-11 16:09:32,451.smoker_consumer.INFO  [x] Received Temperature at 05/22/21 15:43:10 is 261.4
2024-06-11 16:09:35,471.smoker_consumer.INFO  [x] Received Temperature at 05/22/21 15:43:15 is 261.4
2024-06-11 16:09:47,562.smoker_consumer.INFO  [x] Received Temperature at 05/22/21 15:44:10 is 259.2
2024-06-11 16:09:50,632.smoker_consumer.INFO  [x] Received Temperature at 05/22/21 15:44:15 is 259.2
2024-06-11 16:10:02,722.smoker_consumer.INFO  [x] Received Temperature at 05/22/21 15:45:10 is 258.7
2024-06-11 16:10:05,869.smoker_consumer.INFO  [x] Received Temperature at 05/22/21 15:45:15 is 258.7
2024-06-11 16:10:17,939.smoker_consumer.INFO  [x] Received Temperature at 05/22/21 15:46:10 is 259.2
2024-06-11 16:10:20,956.smoker_consumer.INFO  [x] Received Temperature at 05/22/21 15:46:15 is 259.2
2024-06-11 16:10:33,026.smoker_consumer.INFO  [x] Received Temperature at 05/22/21 15:47:10 is 262.4
2024-06-11 16:10:36,053.smoker_consumer.INFO  [x] Received Temperature at 05/22/21 15:47:15 is 262.4
2024-06-11 16:10:48,125.smoker_consumer.INFO  [x] Received Temperature at 05/22/21 15:48:10 is 263.1
2024-06-11 16:10:51,145.smoker_consumer.INFO  [x] Received Temperature at 05/22/21 15:48:15 is 263.1
2024-06-11 16:11:03,206.smoker_consumer.INFO  [x] Received Temperature at 05/22/21 15:49:10 is 260.2
2024-06-11 16:11:06,255.smoker_consumer.INFO  [x] Received Temperature at 05/22/21 15:49:15 is 260.2
2024-06-11 16:11:18,549.smoker_consumer.INFO  [x] Received Temperature at 05/22/21 15:50:10 is 259.5
2024-06-11 16:11:21,569.smoker_consumer.INFO  [x] Received Temperature at 05/22/21 15:50:15 is 259.5
2024-06-11 16:11:33,645.smoker_consumer.INFO  [x] Received Temperature at 05/22/21 15:51:10 is 259.2
2024-06-11 16:11:36,665.smoker_consumer.INFO  [x] Received Temperature at 05/22/21 15:51:15 is 259.2
2024-06-11 16:11:48,732.smoker_consumer.INFO  [x] Received Temperature at 05/22/21 15:52:10 is 263.9
2024-06-11 16:11:51,761.smoker_consumer.INFO  [x] Received Temperature at 05/22/21 15:52:15 is 263.9
2024-06-11 16:12:03,829.smoker_consumer.INFO  [x] Received Temperature at 05/22/21 15:53:10 is 265.0
2024-06-11 16:12:06,850.smoker_consumer.INFO  [x] Received Temperature at 05/22/21 15:53:15 is 265.0
2024-06-11 16:12:18,915.smoker_consumer.INFO  [x] Received Temperature at 05/22/21 15:54:10 is 263.8
2024-06-11 16:12:21,934.smoker_consumer.INFO  [x] Received Temperature at 05/22/21 15:54:15 is 263.8
2024-06-11 16:12:34,002.smoker_consumer.INFO  [x] Received Temperature at 05/22/21 15:55:10 is 264.7
2024-06-11 16:12:37,025.smoker_consumer.INFO  [x] Received Temperature at 05/22/21 15:55:15 is 264.7
2024-06-11 16:12:49,155.smoker_consumer.INFO  [x] Received Temperature at 05/22/21 15:56:10 is 265.0
2024-06-11 16:12:52,273.smoker_consumer.INFO  [x] Received Temperature at 05/22/21 15:56:15 is 265.0
2024-06-11 16:13:04,343.smoker_consumer.INFO  [x] Received Temperature at 05/22/21 15:57:10 is 259.1
2024-06-11 16:13:07,365.smoker_consumer.INFO  [x] Received Temperature at 05/22/21 15:57:15 is 259.1
2024-06-11 16:13:19,657.smoker_consumer.INFO  [x] Received Temperature at 05/22/21 15:58:10 is 255.6
2024-06-11 16:13:22,675.smoker_consumer.INFO  [x] Received Temperature at 05/22/21 15:58:15 is 255.6
2024-06-11 16:13:34,740.smoker_consumer.INFO  [x] Received Temperature at 05/22/21 15:59:10 is 255.1
2024-06-11 16:13:37,756.smoker_consumer.INFO  [x] Received Temperature at 05/22/21 15:59:15 is 255.1
2024-06-11 16:13:49,829.smoker_consumer.INFO  [x] Received Temperature at 05/22/21 16:00:10 is 255.0
2024-06-11 16:13:52,852.smoker_consumer.INFO  [x] Received Temperature at 05/22/21 16:00:15 is 255.0
2024-06-11 16:14:04,925.smoker_consumer.INFO  [x] Received Temperature at 05/22/21 16:01:10 is 255.9
2024-06-11 16:14:08,058.smoker_consumer.INFO  [x] Received Temperature at 05/22/21 16:01:15 is 255.9
2024-06-11 16:14:20,159.smoker_consumer.INFO  [x] Received Temperature at 05/22/21 16:02:10 is 256.9
2024-06-11 16:14:23,182.smoker_consumer.INFO  [x] Received Temperature at 05/22/21 16:02:15 is 256.9
2024-06-11 16:14:35,249.smoker_consumer.INFO  [x] Received Temperature at 05/22/21 16:03:10 is 256.5
2024-06-11 16:14:38,276.smoker_consumer.INFO  [x] Received Temperature at 05/22/21 16:03:15 is 256.5
2024-06-11 16:14:50,338.smoker_consumer.INFO  [x] Received Temperature at 05/22/21 16:04:10 is 257.7
2024-06-11 16:14:53,363.smoker_consumer.INFO  [x] Received Temperature at 05/22/21 16:04:15 is 257.7
2024-06-11 16:15:05,461.smoker_consumer.INFO  [x] Received Temperature at 05/22/21 16:05:10 is 257.8
2024-06-11 16:15:08,483.smoker_consumer.INFO  [x] Received Temperature at 05/22/21 16:05:15 is 257.8
2024-06-11 16:15:20,559.smoker_consumer.INFO  [x] Received Temperature at 05/22/21 16:06:10 is 256.0
2024-06-11 16:15:23,582.smoker_consumer.INFO  [x] Received Temperature at 05/22/21 16:06:15 is 256.0
2024-06-11 16:15:35,660.smoker_consumer.INFO  [x] Received Temperature at 05/22/21 16:07:10 is 256.0
2024-06-11 16:15:38,686.smoker_consumer.INFO  [x] Received Temperature at 05/22/21 16:07:15 is 256.0
2024-06-11 16:15:50,829.smoker_consumer.INFO  [x] Received Temperature at 05/22/21 16:08:10 is 257.2
2024-06-11 16:15:53,854.smoker_consumer.INFO  [x] Received Temperature at 05/22/21 16:08:15 is 257.2
2024-06-11 16:16:05,928.smoker_consumer.INFO  [x] Received Temperature at 05/22/21 16:09:10 is 256.7
2024-06-11 16:16:08,950.smoker_consumer.INFO  [x] Received Temperature at 05/22/21 16:09:15 is 256.7
2024-06-11 16:16:21,032.smoker_consumer.INFO  [x] Received Temperature at 05/22/21 16:10:10 is 256.0
2024-06-11 16:16:24,081.smoker_consumer.INFO  [x] Received Temperature at 05/22/21 16:10:15 is 256.0
2024-06-11 16:16:36,148.smoker_consumer.INFO  [x] Received Temperature at 05/22/21 16:11:10 is 260.3
2024-06-11 16:16:39,166.smoker_consumer.INFO  [x] Received Temperature at 05/22/21 16:11:15 is 260.3
2024-06-11 16:16:51,240.smoker_consumer.INFO  [x] Received Temperature at 05/22/21 16:12:10 is 264.4
2024-06-11 16:16:54,265.smoker_consumer.INFO  [x] Received Temperature at 05/22/21 16:12:15 is 264.4
2024-06-11 16:17:06,338.smoker_consumer.INFO  [x] Received Temperature at 05/22/21 16:13:10 is 265.8
2024-06-11 16:17:09,363.smoker_consumer.INFO  [x] Received Temperature at 05/22/21 16:13:15 is 265.8
2024-06-11 16:17:21,437.smoker_consumer.INFO  [x] Received Temperature at 05/22/21 16:14:10 is 264.9
2024-06-11 16:17:24,458.smoker_consumer.INFO  [x] Received Temperature at 05/22/21 16:14:15 is 264.9
2024-06-11 16:17:36,525.smoker_consumer.INFO  [x] Received Temperature at 05/22/21 16:15:10 is 264.3
2024-06-11 16:17:39,551.smoker_consumer.INFO  [x] Received Temperature at 05/22/21 16:15:15 is 264.3
2024-06-11 16:17:51,616.smoker_consumer.INFO  [x] Received Temperature at 05/22/21 16:16:10 is 264.2
2024-06-11 16:17:54,642.smoker_consumer.INFO  [x] Received Temperature at 05/22/21 16:16:15 is 264.2
2024-06-11 16:18:06,715.smoker_consumer.INFO  [x] Received Temperature at 05/22/21 16:17:10 is 264.9
2024-06-11 16:18:09,739.smoker_consumer.INFO  [x] Received Temperature at 05/22/21 16:17:15 is 264.9
2024-06-11 16:18:21,804.smoker_consumer.INFO  [x] Received Temperature at 05/22/21 16:18:10 is 266.8
2024-06-11 16:18:24,833.smoker_consumer.INFO  [x] Received Temperature at 05/22/21 16:18:15 is 266.8
2024-06-11 16:18:36,924.smoker_consumer.INFO  [x] Received Temperature at 05/22/21 16:19:10 is 267.9
2024-06-11 16:18:39,952.smoker_consumer.INFO  [x] Received Temperature at 05/22/21 16:19:15 is 267.9
2024-06-11 16:18:52,025.smoker_consumer.INFO  [x] Received Temperature at 05/22/21 16:20:10 is 268.3
2024-06-11 16:18:55,050.smoker_consumer.INFO  [x] Received Temperature at 05/22/21 16:20:15 is 268.3
2024-06-11 16:19:07,125.smoker_consumer.INFO  [x] Received Temperature at 05/22/21 16:21:10 is 267.2
2024-06-11 16:19:10,150.smoker_consumer.INFO  [x] Received Temperature at 05/22/21 16:21:15 is 267.2
2024-06-11 16:19:22,211.smoker_consumer.INFO  [x] Received Temperature at 05/22/21 16:22:10 is 265.1
2024-06-11 16:19:25,234.smoker_consumer.INFO  [x] Received Temperature at 05/22/21 16:22:15 is 265.1
2024-06-11 16:19:37,397.smoker_consumer.INFO  [x] Received Temperature at 05/22/21 16:23:10 is 261.4
2024-06-11 16:19:40,422.smoker_consumer.INFO  [x] Received Temperature at 05/22/21 16:23:15 is 261.4
2024-06-11 16:19:52,495.smoker_consumer.INFO  [x] Received Temperature at 05/22/21 16:24:10 is 261.1
2024-06-11 16:19:55,513.smoker_consumer.INFO  [x] Received Temperature at 05/22/21 16:24:15 is 261.1
2024-06-11 16:20:07,575.smoker_consumer.INFO  [x] Received Temperature at 05/22/21 16:25:10 is 258.6
2024-06-11 16:20:10,601.smoker_consumer.INFO  [x] Received Temperature at 05/22/21 16:25:15 is 258.6
2024-06-11 16:20:22,680.smoker_consumer.INFO  [x] Received Temperature at 05/22/21 16:26:10 is 260.0
2024-06-11 16:20:25,703.smoker_consumer.INFO  [x] Received Temperature at 05/22/21 16:26:15 is 260.0
2024-06-11 16:20:37,769.smoker_consumer.INFO  [x] Received Temperature at 05/22/21 16:27:10 is 260.5
2024-06-11 16:20:40,795.smoker_consumer.INFO  [x] Received Temperature at 05/22/21 16:27:15 is 260.5
2024-06-11 16:20:52,862.smoker_consumer.INFO  [x] Received Temperature at 05/22/21 16:28:10 is 261.1
2024-06-11 16:20:55,881.smoker_consumer.INFO  [x] Received Temperature at 05/22/21 16:28:15 is 261.1
2024-06-11 16:21:08,063.smoker_consumer.INFO  [x] Received Temperature at 05/22/21 16:29:10 is 261.6
2024-06-11 16:21:11,086.smoker_consumer.INFO  [x] Received Temperature at 05/22/21 16:29:15 is 261.6
2024-06-11 16:21:23,144.smoker_consumer.INFO  [x] Received Temperature at 05/22/21 16:30:10 is 261.6
2024-06-11 16:21:26,170.smoker_consumer.INFO  [x] Received Temperature at 05/22/21 16:30:15 is 261.6
2024-06-11 16:21:38,226.smoker_consumer.INFO  [x] Received Temperature at 05/22/21 16:31:10 is 262.0
2024-06-11 16:21:41,272.smoker_consumer.INFO  [x] Received Temperature at 05/22/21 16:31:15 is 262.0
2024-06-11 16:21:53,330.smoker_consumer.INFO  [x] Received Temperature at 05/22/21 16:32:10 is 261.2
2024-06-11 16:21:56,351.smoker_consumer.INFO  [x] Received Temperature at 05/22/21 16:32:15 is 261.2
2024-06-11 16:22:08,663.smoker_consumer.INFO  [x] Received Temperature at 05/22/21 16:33:10 is 259.1
2024-06-11 16:22:11,687.smoker_consumer.INFO  [x] Received Temperature at 05/22/21 16:33:15 is 259.1
2024-06-11 16:22:23,754.smoker_consumer.INFO  [x] Received Temperature at 05/22/21 16:34:10 is 259.2
2024-06-11 16:22:26,781.smoker_consumer.INFO  [x] Received Temperature at 05/22/21 16:34:15 is 259.2
2024-06-11 16:22:38,859.smoker_consumer.INFO  [x] Received Temperature at 05/22/21 16:35:10 is 258.8
2024-06-11 16:22:41,886.smoker_consumer.INFO  [x] Received Temperature at 05/22/21 16:35:15 is 258.8
2024-06-11 16:22:53,979.smoker_consumer.INFO  [x] Received Temperature at 05/22/21 16:36:10 is 260.0
2024-06-11 16:22:57,003.smoker_consumer.INFO  [x] Received Temperature at 05/22/21 16:36:15 is 260.0
2024-06-11 16:23:09,074.smoker_consumer.INFO  [x] Received Temperature at 05/22/21 16:37:10 is 260.9
2024-06-11 16:23:12,096.smoker_consumer.INFO  [x] Received Temperature at 05/22/21 16:37:15 is 260.9
2024-06-11 16:23:24,162.smoker_consumer.INFO  [x] Received Temperature at 05/22/21 16:38:10 is 260.0
2024-06-11 16:23:27,187.smoker_consumer.INFO  [x] Received Temperature at 05/22/21 16:38:15 is 260.0
2024-06-11 16:23:39,250.smoker_consumer.INFO  [x] Received Temperature at 05/22/21 16:39:10 is 260.1
2024-06-11 16:23:42,272.smoker_consumer.INFO  [x] Received Temperature at 05/22/21 16:39:15 is 260.1
2024-06-11 16:23:54,338.smoker_consumer.INFO  [x] Received Temperature at 05/22/21 16:40:10 is 260.5
2024-06-11 16:23:57,361.smoker_consumer.INFO  [x] Received Temperature at 05/22/21 16:40:15 is 260.5
2024-06-11 16:24:09,426.smoker_consumer.INFO  [x] Received Temperature at 05/22/21 16:41:10 is 260.4
2024-06-11 16:24:12,447.smoker_consumer.INFO  [x] Received Temperature at 05/22/21 16:41:15 is 260.4
2024-06-11 16:24:24,511.smoker_consumer.INFO  [x] Received Temperature at 05/22/21 16:42:10 is 262.2
2024-06-11 16:24:27,536.smoker_consumer.INFO  [x] Received Temperature at 05/22/21 16:42:15 is 262.2
2024-06-11 16:24:39,609.smoker_consumer.INFO  [x] Received Temperature at 05/22/21 16:43:10 is 263.4
2024-06-11 16:24:42,638.smoker_consumer.INFO  [x] Received Temperature at 05/22/21 16:43:15 is 263.4
2024-06-11 16:24:54,695.smoker_consumer.INFO  [x] Received Temperature at 05/22/21 16:44:10 is 260.8
2024-06-11 16:24:57,718.smoker_consumer.INFO  [x] Received Temperature at 05/22/21 16:44:15 is 260.8
2024-06-11 16:25:09,805.smoker_consumer.INFO  [x] Received Temperature at 05/22/21 16:45:10 is 256.3
2024-06-11 16:25:12,829.smoker_consumer.INFO  [x] Received Temperature at 05/22/21 16:45:15 is 256.3
2024-06-11 16:25:24,901.smoker_consumer.INFO  [x] Received Temperature at 05/22/21 16:46:10 is 250.6
2024-06-11 16:25:27,926.smoker_consumer.INFO  [x] Received Temperature at 05/22/21 16:46:15 is 250.6
2024-06-11 16:25:39,983.smoker_consumer.INFO  [x] Received Temperature at 05/22/21 16:47:10 is 247.6
2024-06-11 16:25:43,008.smoker_consumer.INFO  [x] Received Temperature at 05/22/21 16:47:15 is 247.6
2024-06-11 16:25:55,079.smoker_consumer.INFO  [x] Received Temperature at 05/22/21 16:48:10 is 245.9
2024-06-11 16:25:58,099.smoker_consumer.INFO  [x] Received Temperature at 05/22/21 16:48:15 is 245.9
2024-06-11 16:26:10,237.smoker_consumer.INFO  [x] Received Temperature at 05/22/21 16:49:10 is 244.4
2024-06-11 16:26:13,260.smoker_consumer.INFO  [x] Received Temperature at 05/22/21 16:49:15 is 244.4
2024-06-11 16:26:25,322.smoker_consumer.INFO  [x] Received Temperature at 05/22/21 16:50:10 is 242.9
2024-06-11 16:26:28,342.smoker_consumer.INFO  [x] Received Temperature at 05/22/21 16:50:15 is 242.9
2024-06-11 16:26:40,407.smoker_consumer.INFO  [x] Received Temperature at 05/22/21 16:51:10 is 242.1
2024-06-11 16:26:43,432.smoker_consumer.INFO  [x] Received Temperature at 05/22/21 16:51:15 is 242.1
2024-06-11 16:26:55,504.smoker_consumer.INFO  [x] Received Temperature at 05/22/21 16:52:10 is 241.5
2024-06-11 16:26:58,587.smoker_consumer.INFO  [x] Received Temperature at 05/22/21 16:52:15 is 241.5
2024-06-11 16:27:10,669.smoker_consumer.INFO  [x] Received Temperature at 05/22/21 16:53:10 is 241.2
2024-06-11 16:27:13,690.smoker_consumer.INFO  [x] Received Temperature at 05/22/21 16:53:15 is 241.2
2024-06-11 16:27:25,757.smoker_consumer.INFO  [x] Received Temperature at 05/22/21 16:54:10 is 240.1
2024-06-11 16:27:28,782.smoker_consumer.INFO  [x] Received Temperature at 05/22/21 16:54:15 is 240.1
2024-06-11 16:27:40,855.smoker_consumer.INFO  [x] Received Temperature at 05/22/21 16:55:10 is 241.0
2024-06-11 16:27:43,876.smoker_consumer.INFO  [x] Received Temperature at 05/22/21 16:55:15 is 241.0
2024-06-11 16:27:55,951.smoker_consumer.INFO  [x] Received Temperature at 05/22/21 16:56:10 is 240.4
2024-06-11 16:27:58,969.smoker_consumer.INFO  [x] Received Temperature at 05/22/21 16:56:15 is 240.4
2024-06-11 16:28:11,043.smoker_consumer.INFO  [x] Received Temperature at 05/22/21 16:57:10 is 239.9
2024-06-11 16:28:14,067.smoker_consumer.INFO  [x] Received Temperature at 05/22/21 16:57:15 is 239.9
2024-06-11 16:28:26,143.smoker_consumer.INFO  [x] Received Temperature at 05/22/21 16:58:10 is 240.8
2024-06-11 16:28:29,165.smoker_consumer.INFO  [x] Received Temperature at 05/22/21 16:58:15 is 240.8
2024-06-11 16:28:41,232.smoker_consumer.INFO  [x] Received Temperature at 05/22/21 16:59:10 is 240.7
2024-06-11 16:28:44,251.smoker_consumer.INFO  [x] Received Temperature at 05/22/21 16:59:15 is 240.7
2024-06-11 16:28:56,315.smoker_consumer.INFO  [x] Received Temperature at 05/22/21 17:00:10 is 241.4
2024-06-11 16:28:59,336.smoker_consumer.INFO  [x] Received Temperature at 05/22/21 17:00:15 is 241.4
2024-06-11 16:29:11,400.smoker_consumer.INFO  [x] Received Temperature at 05/22/21 17:01:10 is 240.8
2024-06-11 16:29:14,423.smoker_consumer.INFO  [x] Received Temperature at 05/22/21 17:01:15 is 240.8
2024-06-11 16:29:26,489.smoker_consumer.INFO  [x] Received Temperature at 05/22/21 17:02:10 is 239.9
2024-06-11 16:29:29,515.smoker_consumer.INFO  [x] Received Temperature at 05/22/21 17:02:15 is 239.9
2024-06-11 16:29:41,579.smoker_consumer.INFO  [x] Received Temperature at 05/22/21 17:03:10 is 240.2
2024-06-11 16:29:44,605.smoker_consumer.INFO  [x] Received Temperature at 05/22/21 17:03:15 is 240.2
2024-06-11 16:29:56,670.smoker_consumer.INFO  [x] Received Temperature at 05/22/21 17:04:10 is 240.0
2024-06-11 16:29:59,698.smoker_consumer.INFO  [x] Received Temperature at 05/22/21 17:04:15 is 240.0
2024-06-11 16:30:11,763.smoker_consumer.INFO  [x] Received Temperature at 05/22/21 17:05:10 is 239.3
2024-06-11 16:30:14,789.smoker_consumer.INFO  [x] Received Temperature at 05/22/21 17:05:15 is 239.3
2024-06-11 16:30:26,858.smoker_consumer.INFO  [x] Received Temperature at 05/22/21 17:06:10 is 238.4
2024-06-11 16:30:29,881.smoker_consumer.INFO  [x] Received Temperature at 05/22/21 17:06:15 is 238.4
2024-06-11 16:30:41,945.smoker_consumer.INFO  [x] Received Temperature at 05/22/21 17:07:10 is 238.7
2024-06-11 16:30:44,971.smoker_consumer.INFO  [x] Received Temperature at 05/22/21 17:07:15 is 238.7
2024-06-11 16:30:57,031.smoker_consumer.INFO  [x] Received Temperature at 05/22/21 17:08:10 is 237.9
2024-06-11 16:31:00,051.smoker_consumer.INFO  [x] Received Temperature at 05/22/21 17:08:15 is 237.9
2024-06-11 16:31:12,115.smoker_consumer.INFO  [x] Received Temperature at 05/22/21 17:09:10 is 237.6
2024-06-11 16:31:15,139.smoker_consumer.INFO  [x] Received Temperature at 05/22/21 17:09:15 is 237.6
2024-06-11 16:31:27,205.smoker_consumer.INFO  [x] Received Temperature at 05/22/21 17:10:10 is 236.3
2024-06-11 16:31:30,223.smoker_consumer.INFO  [x] Received Temperature at 05/22/21 17:10:15 is 236.3
2024-06-11 16:31:42,354.smoker_consumer.INFO  [x] Received Temperature at 05/22/21 17:11:10 is 235.7
2024-06-11 16:31:45,375.smoker_consumer.INFO  [x] Received Temperature at 05/22/21 17:11:15 is 235.7
2024-06-11 16:31:57,442.smoker_consumer.INFO  [x] Received Temperature at 05/22/21 17:12:10 is 236.0
2024-06-11 16:32:00,465.smoker_consumer.INFO  [x] Received Temperature at 05/22/21 17:12:15 is 236.0
2024-06-11 16:32:12,529.smoker_consumer.INFO  [x] Received Temperature at 05/22/21 17:13:10 is 235.9
2024-06-11 16:32:15,615.smoker_consumer.INFO  [x] Received Temperature at 05/22/21 17:13:15 is 235.9
2024-06-11 16:32:27,687.smoker_consumer.INFO  [x] Received Temperature at 05/22/21 17:14:10 is 236.6
2024-06-11 16:32:30,713.smoker_consumer.INFO  [x] Received Temperature at 05/22/21 17:14:15 is 236.6
2024-06-11 16:32:42,773.smoker_consumer.INFO  [x] Received Temperature at 05/22/21 17:15:10 is 237.7
2024-06-11 16:32:45,795.smoker_consumer.INFO  [x] Received Temperature at 05/22/21 17:15:15 is 237.7
2024-06-11 16:32:57,860.smoker_consumer.INFO  [x] Received Temperature at 05/22/21 17:16:10 is 237.4
2024-06-11 16:33:00,884.smoker_consumer.INFO  [x] Received Temperature at 05/22/21 17:16:15 is 237.4
2024-06-11 16:33:12,948.smoker_consumer.INFO  [x] Received Temperature at 05/22/21 17:17:10 is 234.1
2024-06-11 16:33:15,972.smoker_consumer.INFO  [x] Received Temperature at 05/22/21 17:17:15 is 234.1
2024-06-11 16:33:28,034.smoker_consumer.INFO  [x] Received Temperature at 05/22/21 17:18:10 is 231.9
2024-06-11 16:33:31,058.smoker_consumer.INFO  [x] Received Temperature at 05/22/21 17:18:15 is 231.9
2024-06-11 16:33:43,121.smoker_consumer.INFO  [x] Received Temperature at 05/22/21 17:19:10 is 229.9
2024-06-11 16:33:46,146.smoker_consumer.INFO  [x] Received Temperature at 05/22/21 17:19:15 is 229.9
2024-06-11 16:33:58,207.smoker_consumer.INFO  [x] Received Temperature at 05/22/21 17:20:10 is 229.9
2024-06-11 16:34:01,229.smoker_consumer.INFO  [x] Received Temperature at 05/22/21 17:20:15 is 229.9
2024-06-11 16:34:13,291.smoker_consumer.INFO  [x] Received Temperature at 05/22/21 17:21:10 is 229.7
2024-06-11 16:34:16,314.smoker_consumer.INFO  [x] Received Temperature at 05/22/21 17:21:15 is 229.7
2024-06-11 16:34:28,384.smoker_consumer.INFO  [x] Received Temperature at 05/22/21 17:22:10 is 228.2
2024-06-11 16:34:31,411.smoker_consumer.INFO  [x] Received Temperature at 05/22/21 17:22:15 is 228.2
2024-06-11 16:34:43,481.smoker_consumer.INFO  [x] Received Temperature at 05/22/21 17:23:10 is 228.5
2024-06-11 16:34:46,506.smoker_consumer.INFO  [x] Received Temperature at 05/22/21 17:23:15 is 228.5
2024-06-11 16:34:58,568.smoker_consumer.INFO  [x] Received Temperature at 05/22/21 17:24:10 is 228.0
2024-06-11 16:35:01,608.smoker_consumer.INFO  [x] Received Temperature at 05/22/21 17:24:15 is 228.0
2024-06-11 16:35:13,669.smoker_consumer.INFO  [x] Received Temperature at 05/22/21 17:25:10 is 226.5
2024-06-11 16:35:16,689.smoker_consumer.INFO  [x] Received Temperature at 05/22/21 17:25:15 is 226.5
2024-06-11 16:35:28,787.smoker_consumer.INFO  [x] Received Temperature at 05/22/21 17:26:10 is 227.1
2024-06-11 16:35:31,810.smoker_consumer.INFO  [x] Received Temperature at 05/22/21 17:26:15 is 227.1
2024-06-11 16:35:43,892.smoker_consumer.INFO  [x] Received Temperature at 05/22/21 17:27:10 is 227.2
2024-06-11 16:35:46,922.smoker_consumer.INFO  [x] Received Temperature at 05/22/21 17:27:15 is 227.2
2024-06-11 16:35:59,059.smoker_consumer.INFO  [x] Received Temperature at 05/22/21 17:28:10 is 226.9
2024-06-11 16:36:02,189.smoker_consumer.INFO  [x] Received Temperature at 05/22/21 17:28:15 is 226.9
2024-06-11 16:36:14,254.smoker_consumer.INFO  [x] Received Temperature at 05/22/21 17:29:10 is 227.4
2024-06-11 16:36:17,272.smoker_consumer.INFO  [x] Received Temperature at 05/22/21 17:29:15 is 227.4
2024-06-11 16:36:29,327.smoker_consumer.INFO  [x] Received Temperature at 05/22/21 17:30:10 is 228.4
2024-06-11 16:36:32,352.smoker_consumer.INFO  [x] Received Temperature at 05/22/21 17:30:15 is 228.4
2024-06-11 16:36:44,412.smoker_consumer.INFO  [x] Received Temperature at 05/22/21 17:31:10 is 229.6
2024-06-11 16:36:47,437.smoker_consumer.INFO  [x] Received Temperature at 05/22/21 17:31:15 is 229.6
2024-06-11 16:36:59,539.smoker_consumer.INFO  [x] Received Temperature at 05/22/21 17:32:10 is 230.7
2024-06-11 16:37:02,563.smoker_consumer.INFO  [x] Received Temperature at 05/22/21 17:32:15 is 230.7
2024-06-11 16:37:14,654.smoker_consumer.INFO  [x] Received Temperature at 05/22/21 17:33:10 is 230.9
2024-06-11 16:37:17,676.smoker_consumer.INFO  [x] Received Temperature at 05/22/21 17:33:15 is 230.9
2024-06-11 16:37:29,746.smoker_consumer.INFO  [x] Received Temperature at 05/22/21 17:34:10 is 231.5
2024-06-11 16:37:32,764.smoker_consumer.INFO  [x] Received Temperature at 05/22/21 17:34:15 is 231.5
2024-06-11 16:37:44,828.smoker_consumer.INFO  [x] Received Temperature at 05/22/21 17:35:10 is 232.5
2024-06-11 16:37:47,863.smoker_consumer.INFO  [x] Received Temperature at 05/22/21 17:35:15 is 232.5
2024-06-11 16:37:59,930.smoker_consumer.INFO  [x] Received Temperature at 05/22/21 17:36:10 is 232.0
2024-06-11 16:38:03,037.smoker_consumer.INFO  [x] Received Temperature at 05/22/21 17:36:15 is 232.0
2024-06-11 16:38:15,106.smoker_consumer.INFO  [x] Received Temperature at 05/22/21 17:37:10 is 232.5
2024-06-11 16:38:18,130.smoker_consumer.INFO  [x] Received Temperature at 05/22/21 17:37:15 is 232.5
2024-06-11 16:38:30,193.smoker_consumer.INFO  [x] Received Temperature at 05/22/21 17:38:10 is 235.1
2024-06-11 16:38:33,421.smoker_consumer.INFO  [x] Received Temperature at 05/22/21 17:38:15 is 235.1
2024-06-11 16:38:45,492.smoker_consumer.INFO  [x] Received Temperature at 05/22/21 17:39:10 is 236.1
2024-06-11 16:38:48,510.smoker_consumer.INFO  [x] Received Temperature at 05/22/21 17:39:15 is 236.1
2024-06-11 16:39:00,642.smoker_consumer.INFO  [x] Received Temperature at 05/22/21 17:40:10 is 237.5
2024-06-11 16:39:03,664.smoker_consumer.INFO  [x] Received Temperature at 05/22/21 17:40:15 is 237.5
2024-06-11 16:39:15,731.smoker_consumer.INFO  [x] Received Temperature at 05/22/21 17:41:10 is 237.6
2024-06-11 16:39:18,751.smoker_consumer.INFO  [x] Received Temperature at 05/22/21 17:41:15 is 237.6
2024-06-11 16:39:30,811.smoker_consumer.INFO  [x] Received Temperature at 05/22/21 17:42:10 is 238.7
2024-06-11 16:39:33,971.smoker_consumer.INFO  [x] Received Temperature at 05/22/21 17:42:15 is 238.7
2024-06-11 16:39:46,033.smoker_consumer.INFO  [x] Received Temperature at 05/22/21 17:43:10 is 238.6
2024-06-11 16:39:49,054.smoker_consumer.INFO  [x] Received Temperature at 05/22/21 17:43:15 is 238.6
2024-06-11 16:40:01,121.smoker_consumer.INFO  [x] Received Temperature at 05/22/21 17:44:10 is 239.5
2024-06-11 16:40:04,150.smoker_consumer.INFO  [x] Received Temperature at 05/22/21 17:44:15 is 239.5
2024-06-11 16:40:16,215.smoker_consumer.INFO  [x] Received Temperature at 05/22/21 17:45:10 is 239.4
2024-06-11 16:40:19,241.smoker_consumer.INFO  [x] Received Temperature at 05/22/21 17:45:15 is 239.4
2024-06-11 16:40:31,307.smoker_consumer.INFO  [x] Received Temperature at 05/22/21 17:46:10 is 239.5
2024-06-11 16:40:34,326.smoker_consumer.INFO  [x] Received Temperature at 05/22/21 17:46:15 is 239.5
2024-06-11 16:40:46,403.smoker_consumer.INFO  [x] Received Temperature at 05/22/21 17:47:10 is 240.0
2024-06-11 16:40:49,425.smoker_consumer.INFO  [x] Received Temperature at 05/22/21 17:47:15 is 240.0
2024-06-11 16:41:01,491.smoker_consumer.INFO  [x] Received Temperature at 05/22/21 17:48:10 is 241.1
2024-06-11 16:41:04,513.smoker_consumer.INFO  [x] Received Temperature at 05/22/21 17:48:15 is 241.1
2024-06-11 16:41:16,575.smoker_consumer.INFO  [x] Received Temperature at 05/22/21 17:49:10 is 241.3
2024-06-11 16:41:19,602.smoker_consumer.INFO  [x] Received Temperature at 05/22/21 17:49:15 is 241.3
2024-06-11 16:41:31,670.smoker_consumer.INFO  [x] Received Temperature at 05/22/21 17:50:10 is 243.0
2024-06-11 16:41:34,694.smoker_consumer.INFO  [x] Received Temperature at 05/22/21 17:50:15 is 243.0
2024-06-11 16:41:46,757.smoker_consumer.INFO  [x] Received Temperature at 05/22/21 17:51:10 is 243.1
2024-06-11 16:41:49,774.smoker_consumer.INFO  [x] Received Temperature at 05/22/21 17:51:15 is 243.1
2024-06-11 16:42:01,840.smoker_consumer.INFO  [x] Received Temperature at 05/22/21 17:52:10 is 243.2
2024-06-11 16:42:04,864.smoker_consumer.INFO  [x] Received Temperature at 05/22/21 17:52:15 is 243.2
2024-06-11 16:42:16,932.smoker_consumer.INFO  [x] Received Temperature at 05/22/21 17:53:10 is 243.2
2024-06-11 16:42:19,954.smoker_consumer.INFO  [x] Received Temperature at 05/22/21 17:53:15 is 243.2
2024-06-11 16:42:32,023.smoker_consumer.INFO  [x] Received Temperature at 05/22/21 17:54:10 is 243.1
2024-06-11 16:42:35,042.smoker_consumer.INFO  [x] Received Temperature at 05/22/21 17:54:15 is 243.1
2024-06-11 16:42:47,099.smoker_consumer.INFO  [x] Received Temperature at 05/22/21 17:55:10 is 243.4
2024-06-11 16:42:50,156.smoker_consumer.INFO  [x] Received Temperature at 05/22/21 17:55:15 is 243.4
2024-06-11 16:43:02,222.smoker_consumer.INFO  [x] Received Temperature at 05/22/21 17:56:10 is 242.9
2024-06-11 16:43:05,246.smoker_consumer.INFO  [x] Received Temperature at 05/22/21 17:56:15 is 242.9
2024-06-11 16:43:17,322.smoker_consumer.INFO  [x] Received Temperature at 05/22/21 17:57:10 is 240.4
2024-06-11 16:43:20,345.smoker_consumer.INFO  [x] Received Temperature at 05/22/21 17:57:15 is 240.4
2024-06-11 16:43:32,410.smoker_consumer.INFO  [x] Received Temperature at 05/22/21 17:58:10 is 239.7
2024-06-11 16:43:35,472.smoker_consumer.INFO  [x] Received Temperature at 05/22/21 17:58:15 is 239.7
2024-06-11 16:43:47,598.smoker_consumer.INFO  [x] Received Temperature at 05/22/21 17:59:10 is 239.7
2024-06-11 16:43:50,722.smoker_consumer.INFO  [x] Received Temperature at 05/22/21 17:59:15 is 239.7
2024-06-11 16:44:02,815.smoker_consumer.INFO  [x] Received Temperature at 05/22/21 18:00:10 is 240.3
2024-06-11 16:44:05,837.smoker_consumer.INFO  [x] Received Temperature at 05/22/21 18:00:15 is 240.3
2024-06-11 16:44:17,907.smoker_consumer.INFO  [x] Received Temperature at 05/22/21 18:01:10 is 240.3
2024-06-11 16:44:20,930.smoker_consumer.INFO  [x] Received Temperature at 05/22/21 18:01:15 is 240.3
2024-06-11 16:44:32,988.smoker_consumer.INFO  [x] Received Temperature at 05/22/21 18:02:10 is 240.6
2024-06-11 16:44:36,010.smoker_consumer.INFO  [x] Received Temperature at 05/22/21 18:02:15 is 240.6
2024-06-11 16:44:48,070.smoker_consumer.INFO  [x] Received Temperature at 05/22/21 18:03:10 is 240.4
2024-06-11 16:44:51,096.smoker_consumer.INFO  [x] Received Temperature at 05/22/21 18:03:15 is 240.4
2024-06-11 16:45:03,164.smoker_consumer.INFO  [x] Received Temperature at 05/22/21 18:04:10 is 240.8
2024-06-11 16:45:06,188.smoker_consumer.INFO  [x] Received Temperature at 05/22/21 18:04:15 is 240.8
2024-06-11 16:45:18,279.smoker_consumer.INFO  [x] Received Temperature at 05/22/21 18:05:10 is 241.5
2024-06-11 16:45:21,304.smoker_consumer.INFO  [x] Received Temperature at 05/22/21 18:05:15 is 241.5
2024-06-11 16:45:33,372.smoker_consumer.INFO  [x] Received Temperature at 05/22/21 18:06:10 is 241.5
2024-06-11 16:45:36,394.smoker_consumer.INFO  [x] Received Temperature at 05/22/21 18:06:15 is 241.5
2024-06-11 16:45:48,476.smoker_consumer.INFO  [x] Received Temperature at 05/22/21 18:07:10 is 242.0
2024-06-11 16:45:51,504.smoker_consumer.INFO  [x] Received Temperature at 05/22/21 18:07:15 is 242.0
2024-06-11 16:46:03,568.smoker_consumer.INFO  [x] Received Temperature at 05/22/21 18:08:10 is 242.0
2024-06-11 16:46:06,588.smoker_consumer.INFO  [x] Received Temperature at 05/22/21 18:08:15 is 242.0
2024-06-11 16:46:18,648.smoker_consumer.INFO  [x] Received Temperature at 05/22/21 18:09:10 is 242.8
2024-06-11 16:46:21,671.smoker_consumer.INFO  [x] Received Temperature at 05/22/21 18:09:15 is 242.8
2024-06-11 16:46:33,733.smoker_consumer.INFO  [x] Received Temperature at 05/22/21 18:10:10 is 243.7
2024-06-11 16:46:36,758.smoker_consumer.INFO  [x] Received Temperature at 05/22/21 18:10:15 is 243.7
2024-06-11 16:46:48,830.smoker_consumer.INFO  [x] Received Temperature at 05/22/21 18:11:10 is 242.5
2024-06-11 16:46:51,857.smoker_consumer.INFO  [x] Received Temperature at 05/22/21 18:11:15 is 242.5
2024-06-11 16:47:03,920.smoker_consumer.INFO  [x] Received Temperature at 05/22/21 18:12:10 is 242.1
2024-06-11 16:47:06,947.smoker_consumer.INFO  [x] Received Temperature at 05/22/21 18:12:15 is 242.1
2024-06-11 16:47:19,020.smoker_consumer.INFO  [x] Received Temperature at 05/22/21 18:13:10 is 241.5
2024-06-11 16:47:22,043.smoker_consumer.INFO  [x] Received Temperature at 05/22/21 18:13:15 is 241.5
2024-06-11 16:47:34,111.smoker_consumer.INFO  [x] Received Temperature at 05/22/21 18:14:10 is 241.3
2024-06-11 16:47:37,130.smoker_consumer.INFO  [x] Received Temperature at 05/22/21 18:14:15 is 241.3
2024-06-11 16:47:49,186.smoker_consumer.INFO  [x] Received Temperature at 05/22/21 18:15:10 is 242.0
2024-06-11 16:47:52,213.smoker_consumer.INFO  [x] Received Temperature at 05/22/21 18:15:15 is 242.0
2024-06-11 16:48:04,284.smoker_consumer.INFO  [x] Received Temperature at 05/22/21 18:16:10 is 242.4
2024-06-11 16:48:07,305.smoker_consumer.INFO  [x] Received Temperature at 05/22/21 18:16:15 is 242.4
2024-06-11 16:48:19,392.smoker_consumer.INFO  [x] Received Temperature at 05/22/21 18:17:10 is 241.2
2024-06-11 16:48:22,413.smoker_consumer.INFO  [x] Received Temperature at 05/22/21 18:17:15 is 241.2
2024-06-11 16:48:34,474.smoker_consumer.INFO  [x] Received Temperature at 05/22/21 18:18:10 is 238.5
2024-06-11 16:48:37,496.smoker_consumer.INFO  [x] Received Temperature at 05/22/21 18:18:15 is 238.5
2024-06-11 16:48:49,733.smoker_consumer.INFO  [x] Received Temperature at 05/22/21 18:19:10 is 237.2
2024-06-11 16:48:52,787.smoker_consumer.INFO  [x] Received Temperature at 05/22/21 18:19:15 is 237.2
2024-06-11 16:49:04,849.smoker_consumer.INFO  [x] Received Temperature at 05/22/21 18:20:10 is 236.1
2024-06-11 16:49:07,930.smoker_consumer.INFO  [x] Received Temperature at 05/22/21 18:20:15 is 236.1
2024-06-11 16:49:19,998.smoker_consumer.INFO  [x] Received Temperature at 05/22/21 18:21:10 is 235.3
2024-06-11 16:49:23,018.smoker_consumer.INFO  [x] Received Temperature at 05/22/21 18:21:15 is 235.3
2024-06-11 16:49:35,092.smoker_consumer.INFO  [x] Received Temperature at 05/22/21 18:22:10 is 235.1
2024-06-11 16:49:38,115.smoker_consumer.INFO  [x] Received Temperature at 05/22/21 18:22:15 is 235.1
2024-06-11 16:49:50,180.smoker_consumer.INFO  [x] Received Temperature at 05/22/21 18:23:10 is 234.4
2024-06-11 16:49:53,204.smoker_consumer.INFO  [x] Received Temperature at 05/22/21 18:23:15 is 234.4
2024-06-11 16:50:05,273.smoker_consumer.INFO  [x] Received Temperature at 05/22/21 18:24:10 is 238.7
2024-06-11 16:50:08,289.smoker_consumer.INFO  [x] Received Temperature at 05/22/21 18:24:15 is 238.7
2024-06-11 16:50:20,359.smoker_consumer.INFO  [x] Received Temperature at 05/22/21 18:25:10 is 244.1
2024-06-11 16:50:23,385.smoker_consumer.INFO  [x] Received Temperature at 05/22/21 18:25:15 is 244.1
2024-06-11 16:50:35,450.smoker_consumer.INFO  [x] Received Temperature at 05/22/21 18:26:10 is 247.1
2024-06-11 16:50:38,573.smoker_consumer.INFO  [x] Received Temperature at 05/22/21 18:26:15 is 247.1
2024-06-11 16:50:50,644.smoker_consumer.INFO  [x] Received Temperature at 05/22/21 18:27:10 is 247.2
2024-06-11 16:50:53,664.smoker_consumer.INFO  [x] Received Temperature at 05/22/21 18:27:15 is 247.2
2024-06-11 16:51:05,725.smoker_consumer.INFO  [x] Received Temperature at 05/22/21 18:28:10 is 249.0
2024-06-11 16:51:08,740.smoker_consumer.INFO  [x] Received Temperature at 05/22/21 18:28:15 is 249.0
2024-06-11 16:51:20,812.smoker_consumer.INFO  [x] Received Temperature at 05/22/21 18:29:10 is 249.6
2024-06-11 16:51:23,834.smoker_consumer.INFO  [x] Received Temperature at 05/22/21 18:29:15 is 249.6
2024-06-11 16:51:35,948.smoker_consumer.INFO  [x] Received Temperature at 05/22/21 18:30:10 is 249.0
2024-06-11 16:51:38,966.smoker_consumer.INFO  [x] Received Temperature at 05/22/21 18:30:15 is 249.0
2024-06-11 16:51:51,029.smoker_consumer.INFO  [x] Received Temperature at 05/22/21 18:31:10 is 249.1
2024-06-11 16:51:54,051.smoker_consumer.INFO  [x] Received Temperature at 05/22/21 18:31:15 is 249.1
2024-06-11 16:52:06,116.smoker_consumer.INFO  [x] Received Temperature at 05/22/21 18:32:10 is 249.9
2024-06-11 16:52:09,134.smoker_consumer.INFO  [x] Received Temperature at 05/22/21 18:32:15 is 249.9
2024-06-11 16:52:21,226.smoker_consumer.INFO  [x] Received Temperature at 05/22/21 18:33:10 is 250.4
2024-06-11 16:52:24,247.smoker_consumer.INFO  [x] Received Temperature at 05/22/21 18:33:15 is 250.4
2024-06-11 16:52:36,329.smoker_consumer.INFO  [x] Received Temperature at 05/22/21 18:34:10 is 250.0
2024-06-11 16:52:39,390.smoker_consumer.INFO  [x] Received Temperature at 05/22/21 18:34:15 is 250.0
2024-06-11 16:52:51,458.smoker_consumer.INFO  [x] Received Temperature at 05/22/21 18:35:10 is 251.4
2024-06-11 16:52:54,483.smoker_consumer.INFO  [x] Received Temperature at 05/22/21 18:35:15 is 251.4
2024-06-11 16:53:06,553.smoker_consumer.INFO  [x] Received Temperature at 05/22/21 18:36:10 is 251.9
2024-06-11 16:53:09,577.smoker_consumer.INFO  [x] Received Temperature at 05/22/21 18:36:15 is 251.9
2024-06-11 16:53:21,651.smoker_consumer.INFO  [x] Received Temperature at 05/22/21 18:37:10 is 251.4
2024-06-11 16:53:24,676.smoker_consumer.INFO  [x] Received Temperature at 05/22/21 18:37:15 is 251.4
2024-06-11 16:53:36,748.smoker_consumer.INFO  [x] Received Temperature at 05/22/21 18:38:10 is 251.8
2024-06-11 16:53:39,771.smoker_consumer.INFO  [x] Received Temperature at 05/22/21 18:38:15 is 251.8
2024-06-11 16:53:52,015.smoker_consumer.INFO  [x] Received Temperature at 05/22/21 18:39:10 is 250.9
2024-06-11 16:53:55,049.smoker_consumer.INFO  [x] Received Temperature at 05/22/21 18:39:15 is 250.9
2024-06-11 16:54:07,114.smoker_consumer.INFO  [x] Received Temperature at 05/22/21 18:40:10 is 251.6
2024-06-11 16:54:10,139.smoker_consumer.INFO  [x] Received Temperature at 05/22/21 18:40:15 is 251.6
2024-06-11 16:54:22,248.smoker_consumer.INFO  [x] Received Temperature at 05/22/21 18:41:10 is 251.4
2024-06-11 16:54:25,269.smoker_consumer.INFO  [x] Received Temperature at 05/22/21 18:41:15 is 251.4
2024-06-11 16:54:37,330.smoker_consumer.INFO  [x] Received Temperature at 05/22/21 18:42:10 is 251.5
2024-06-11 16:54:40,352.smoker_consumer.INFO  [x] Received Temperature at 05/22/21 18:42:15 is 251.5
2024-06-11 16:54:52,415.smoker_consumer.INFO  [x] Received Temperature at 05/22/21 18:43:10 is 252.0
2024-06-11 16:54:55,436.smoker_consumer.INFO  [x] Received Temperature at 05/22/21 18:43:15 is 252.0
2024-06-11 16:55:07,496.smoker_consumer.INFO  [x] Received Temperature at 05/22/21 18:44:10 is 252.0
2024-06-11 16:55:10,517.smoker_consumer.INFO  [x] Received Temperature at 05/22/21 18:44:15 is 252.0
2024-06-11 16:55:22,580.smoker_consumer.INFO  [x] Received Temperature at 05/22/21 18:45:10 is 251.2
2024-06-11 16:55:25,600.smoker_consumer.INFO  [x] Received Temperature at 05/22/21 18:45:15 is 251.2
2024-06-11 16:55:37,659.smoker_consumer.INFO  [x] Received Temperature at 05/22/21 18:46:10 is 249.2
2024-06-11 16:55:40,678.smoker_consumer.INFO  [x] Received Temperature at 05/22/21 18:46:15 is 249.2
2024-06-11 16:55:52,733.smoker_consumer.INFO  [x] Received Temperature at 05/22/21 18:47:10 is 237.7
2024-06-11 16:55:55,755.smoker_consumer.INFO  [x] Received Temperature at 05/22/21 18:47:15 is 237.7
2024-06-11 16:56:07,838.smoker_consumer.INFO  [x] Received Temperature at 05/22/21 18:48:10 is 231.2
2024-06-11 16:56:07,838.smoker_consumer.WARNING 05/22/21 18:48:10: SMOKER ALERT! Temperature dropped by 18.0 F in 2.5 minutes.
2024-06-11 16:56:10,862.smoker_consumer.INFO  [x] Received Temperature at 05/22/21 18:48:15 is 231.2
2024-06-11 16:56:10,863.smoker_consumer.WARNING 05/22/21 18:48:15: SMOKER ALERT! Temperature dropped by 18.0 F in 2.5 minutes.
2024-06-11 16:56:22,927.smoker_consumer.INFO  [x] Received Temperature at 05/22/21 18:49:10 is 228.3
2024-06-11 16:56:25,951.smoker_consumer.INFO  [x] Received Temperature at 05/22/21 18:49:15 is 228.3
2024-06-11 16:56:38,015.smoker_consumer.INFO  [x] Received Temperature at 05/22/21 18:50:10 is 227.5
2024-06-11 16:56:41,035.smoker_consumer.INFO  [x] Received Temperature at 05/22/21 18:50:15 is 227.5
2024-06-11 16:56:53,101.smoker_consumer.INFO  [x] Received Temperature at 05/22/21 18:51:10 is 227.1
2024-06-11 16:56:56,128.smoker_consumer.INFO  [x] Received Temperature at 05/22/21 18:51:15 is 227.1
2024-06-11 16:57:08,189.smoker_consumer.INFO  [x] Received Temperature at 05/22/21 18:52:10 is 227.4
2024-06-11 16:57:11,213.smoker_consumer.INFO  [x] Received Temperature at 05/22/21 18:52:15 is 227.4
2024-06-11 16:57:23,278.smoker_consumer.INFO  [x] Received Temperature at 05/22/21 18:53:10 is 227.9
2024-06-11 16:57:26,298.smoker_consumer.INFO  [x] Received Temperature at 05/22/21 18:53:15 is 227.9
2024-06-11 16:57:38,358.smoker_consumer.INFO  [x] Received Temperature at 05/22/21 18:54:10 is 228.2
2024-06-11 16:57:41,375.smoker_consumer.INFO  [x] Received Temperature at 05/22/21 18:54:15 is 228.2
2024-06-11 16:57:53,441.smoker_consumer.INFO  [x] Received Temperature at 05/22/21 18:55:10 is 228.4
2024-06-11 16:57:56,459.smoker_consumer.INFO  [x] Received Temperature at 05/22/21 18:55:15 is 228.4
2024-06-11 16:58:08,516.smoker_consumer.INFO  [x] Received Temperature at 05/22/21 18:56:10 is 229.0
2024-06-11 16:58:11,538.smoker_consumer.INFO  [x] Received Temperature at 05/22/21 18:56:15 is 229.0
2024-06-11 16:58:23,605.smoker_consumer.INFO  [x] Received Temperature at 05/22/21 18:57:10 is 229.5
2024-06-11 16:58:26,623.smoker_consumer.INFO  [x] Received Temperature at 05/22/21 18:57:15 is 229.5
2024-06-11 16:58:38,696.smoker_consumer.INFO  [x] Received Temperature at 05/22/21 18:58:10 is 229.4
2024-06-11 16:58:41,746.smoker_consumer.INFO  [x] Received Temperature at 05/22/21 18:58:15 is 229.4
2024-06-11 16:58:53,820.smoker_consumer.INFO  [x] Received Temperature at 05/22/21 18:59:10 is 229.9
2024-06-11 16:58:56,865.smoker_consumer.INFO  [x] Received Temperature at 05/22/21 18:59:15 is 229.9
2024-06-11 16:59:08,964.smoker_consumer.INFO  [x] Received Temperature at 05/22/21 19:00:10 is 231.7
2024-06-11 16:59:12,012.smoker_consumer.INFO  [x] Received Temperature at 05/22/21 19:00:15 is 231.7
2024-06-11 16:59:24,087.smoker_consumer.INFO  [x] Received Temperature at 05/22/21 19:01:10 is 233.1
2024-06-11 16:59:27,110.smoker_consumer.INFO  [x] Received Temperature at 05/22/21 19:01:15 is 233.1
2024-06-11 16:59:39,180.smoker_consumer.INFO  [x] Received Temperature at 05/22/21 19:02:10 is 233.9
2024-06-11 16:59:42,204.smoker_consumer.INFO  [x] Received Temperature at 05/22/21 19:02:15 is 233.9
2024-06-11 16:59:54,265.smoker_consumer.INFO  [x] Received Temperature at 05/22/21 19:03:10 is 235.2
2024-06-11 16:59:57,295.smoker_consumer.INFO  [x] Received Temperature at 05/22/21 19:03:15 is 235.2
2024-06-11 17:00:09,362.smoker_consumer.INFO  [x] Received Temperature at 05/22/21 19:04:10 is 235.1
2024-06-11 17:00:12,383.smoker_consumer.INFO  [x] Received Temperature at 05/22/21 19:04:15 is 235.1
2024-06-11 17:00:24,442.smoker_consumer.INFO  [x] Received Temperature at 05/22/21 19:05:10 is 235.9
2024-06-11 17:00:27,472.smoker_consumer.INFO  [x] Received Temperature at 05/22/21 19:05:15 is 235.9
2024-06-11 17:00:39,540.smoker_consumer.INFO  [x] Received Temperature at 05/22/21 19:06:10 is 235.5
2024-06-11 17:00:42,573.smoker_consumer.INFO  [x] Received Temperature at 05/22/21 19:06:15 is 235.5
2024-06-11 17:00:54,651.smoker_consumer.INFO  [x] Received Temperature at 05/22/21 19:07:10 is 236.3
2024-06-11 17:00:57,670.smoker_consumer.INFO  [x] Received Temperature at 05/22/21 19:07:15 is 236.3
2024-06-11 17:01:09,730.smoker_consumer.INFO  [x] Received Temperature at 05/22/21 19:08:10 is 237.3
2024-06-11 17:01:12,756.smoker_consumer.INFO  [x] Received Temperature at 05/22/21 19:08:15 is 237.3
2024-06-11 17:01:24,819.smoker_consumer.INFO  [x] Received Temperature at 05/22/21 19:09:10 is 238.5
2024-06-11 17:01:27,839.smoker_consumer.INFO  [x] Received Temperature at 05/22/21 19:09:15 is 238.5
2024-06-11 17:01:39,913.smoker_consumer.INFO  [x] Received Temperature at 05/22/21 19:10:10 is 239.3
2024-06-11 17:01:42,939.smoker_consumer.INFO  [x] Received Temperature at 05/22/21 19:10:15 is 239.3
2024-06-11 17:01:59,598.smoker_consumer.ERROR  User interrupted continuous listening process.
2024-06-11 17:01:59,599.smoker_consumer.INFO Closing connection. Goodbye.
